#
# There is insufficient memory for the Java Runtime Environment to continue.
# Native memory allocation (malloc) failed to allocate 1146576 bytes for Chunk::new
# Possible reasons:
#   The system is out of physical RAM or swap space
#   The process is running with CompressedOops enabled, and the Java Heap may be blocking the growth of the native heap
# Possible solutions:
#   Reduce memory load on the system
#   Increase physical memory or swap space
#   Check if swap backing store is full
#   Decrease Java heap size (-Xmx/-Xms)
#   Decrease number of Java threads
#   Decrease Java thread stack sizes (-Xss)
#   Set larger code cache with -XX:ReservedCodeCacheSize=
#   JVM is running with Unscaled Compressed Oops mode in which the Java heap is
#     placed in the first 4GB address space. The Java Heap base address is the
#     maximum limit for the native heap growth. Please use -XX:HeapBaseMinAddress
#     to set the Java Heap base and to place the Java Heap above 4GB virtual address.
# This output file may be truncated or incomplete.
#
#  Out of Memory Error (arena.cpp:197), pid=9040, tid=11444
#
# JRE version: OpenJDK Runtime Environment Corretto-11.0.24.8.1 (11.0.24+8) (build 11.0.24+8-LTS)
# Java VM: OpenJDK 64-Bit Server VM Corretto-11.0.24.8.1 (11.0.24+8-LTS, mixed mode, tiered, compressed oops, g1 gc, windows-amd64)
# No core dump will be written. Minidumps are not enabled by default on client versions of Windows
#

---------------  S U M M A R Y ------------

Command Line: -javaagent:C:\Program Files\JetBrains\IntelliJ IDEA Community Edition 2024.1.3\lib\idea_rt.jar=59909:C:\Program Files\JetBrains\IntelliJ IDEA Community Edition 2024.1.3\bin -Dfile.encoding=UTF-8 LacunaMatata.Lacuna.LacunaApplication

Host: Intel(R) Core(TM) i3-8145U CPU @ 2.10GHz, 4 cores, 7G,  Windows 11 , 64 bit Build 22621 (10.0.22621.4391)
Time: Wed Jan 15 18:52:35 2025  Windows 11 , 64 bit Build 22621 (10.0.22621.4391) elapsed time: 8316.440633 seconds (0d 2h 18m 36s)

---------------  T H R E A D  ---------------

Current thread (0x0000024a25ef0800):  JavaThread "C2 CompilerThread0" daemon [_thread_in_native, id=11444, stack(0x0000008ea7900000,0x0000008ea7a00000)]


Current CompileTask:
C2:8316441 13644       4       org.springframework.web.servlet.mvc.method.RequestMappingInfo::getMatchingCondition (182 bytes)

Stack: [0x0000008ea7900000,0x0000008ea7a00000]
Native frames: (J=compiled Java code, j=interpreted, Vv=VM code, C=native code)
V  [jvm.dll+0x6461fa]
V  [jvm.dll+0x7da769]
V  [jvm.dll+0x7dbe69]
V  [jvm.dll+0x7dc553]
V  [jvm.dll+0x269b55]
V  [jvm.dll+0xc215c]
V  [jvm.dll+0xc270c]
V  [jvm.dll+0x37a007]
V  [jvm.dll+0x1b3bc2]
V  [jvm.dll+0x221d7f]
V  [jvm.dll+0x220c38]
V  [jvm.dll+0x19e9e1]
V  [jvm.dll+0x230ae9]
V  [jvm.dll+0x22ec5f]
V  [jvm.dll+0x79b991]
V  [jvm.dll+0x794664]
V  [jvm.dll+0x644fb5]
C  [ucrtbase.dll+0x29333]
C  [KERNEL32.DLL+0x1259d]
C  [ntdll.dll+0x5af38]


---------------  P R O C E S S  ---------------

Threads class SMR info:
_java_thread_list=0x0000024a29558cc0, length=30, elements={
0x0000024a255cf000, 0x0000024a255d9000, 0x0000024a25ee7800, 0x0000024a25ee8000,
0x0000024a25ee9800, 0x0000024a25ef0800, 0x0000024a25ef4000, 0x0000024a25ef8800,
0x0000024a25565000, 0x0000024a264f3800, 0x0000024a296db800, 0x0000024a2c4d2800,
0x0000024a2a283800, 0x0000024a268e7000, 0x0000024a29662000, 0x0000024a2965d000,
0x0000024a2965e800, 0x0000024a29660000, 0x0000024a2965e000, 0x0000024a29662800,
0x0000024a29661000, 0x0000024a2965f800, 0x0000024a29663800, 0x0000024a2ab7c000,
0x0000024a2ab79800, 0x0000024a2ab7b000, 0x0000024a2ab7c800, 0x0000024a2ab7d800,
0x0000024a2ab7a000, 0x0000024a2ab7f000
}

Java Threads: ( => current thread )
  0x0000024a255cf000 JavaThread "Reference Handler" daemon [_thread_blocked, id=17116, stack(0x0000008ea7300000,0x0000008ea7400000)]
  0x0000024a255d9000 JavaThread "Finalizer" daemon [_thread_blocked, id=16604, stack(0x0000008ea7400000,0x0000008ea7500000)]
  0x0000024a25ee7800 JavaThread "Signal Dispatcher" daemon [_thread_blocked, id=2908, stack(0x0000008ea7600000,0x0000008ea7700000)]
  0x0000024a25ee8000 JavaThread "Attach Listener" daemon [_thread_blocked, id=18376, stack(0x0000008ea7700000,0x0000008ea7800000)]
  0x0000024a25ee9800 JavaThread "Service Thread" daemon [_thread_blocked, id=15928, stack(0x0000008ea7800000,0x0000008ea7900000)]
=>0x0000024a25ef0800 JavaThread "C2 CompilerThread0" daemon [_thread_in_native, id=11444, stack(0x0000008ea7900000,0x0000008ea7a00000)]
  0x0000024a25ef4000 JavaThread "C1 CompilerThread0" daemon [_thread_blocked, id=7584, stack(0x0000008ea7a00000,0x0000008ea7b00000)]
  0x0000024a25ef8800 JavaThread "Sweeper thread" daemon [_thread_blocked, id=17024, stack(0x0000008ea7b00000,0x0000008ea7c00000)]
  0x0000024a25565000 JavaThread "Common-Cleaner" daemon [_thread_blocked, id=17036, stack(0x0000008ea7c00000,0x0000008ea7d00000)]
  0x0000024a264f3800 JavaThread "Monitor Ctrl-Break" daemon [_thread_in_native, id=14288, stack(0x0000008ea7e00000,0x0000008ea7f00000)]
  0x0000024a296db800 JavaThread "mysql-cj-abandoned-connection-cleanup" daemon [_thread_blocked, id=1892, stack(0x0000008ea8500000,0x0000008ea8600000)]
  0x0000024a2c4d2800 JavaThread "Catalina-utility-1" [_thread_blocked, id=16364, stack(0x0000008ea8600000,0x0000008ea8700000)]
  0x0000024a2a283800 JavaThread "Catalina-utility-2" [_thread_blocked, id=20312, stack(0x0000008ea8700000,0x0000008ea8800000)]
  0x0000024a268e7000 JavaThread "container-0" [_thread_blocked, id=20172, stack(0x0000008ea8800000,0x0000008ea8900000)]
  0x0000024a29662000 JavaThread "Live Reload Server" daemon [_thread_in_native, id=14428, stack(0x0000008ea8a00000,0x0000008ea8b00000)]
  0x0000024a2965d000 JavaThread "File Watcher" daemon [_thread_in_native, id=17352, stack(0x0000008ea8900000,0x0000008ea8a00000)]
  0x0000024a2965e800 JavaThread "http-nio-8080-exec-1" daemon [_thread_blocked, id=9396, stack(0x0000008ea8b00000,0x0000008ea8c00000)]
  0x0000024a29660000 JavaThread "http-nio-8080-exec-2" daemon [_thread_blocked, id=14572, stack(0x0000008ea8c00000,0x0000008ea8d00000)]
  0x0000024a2965e000 JavaThread "http-nio-8080-exec-3" daemon [_thread_blocked, id=9948, stack(0x0000008ea8d00000,0x0000008ea8e00000)]
  0x0000024a29662800 JavaThread "http-nio-8080-exec-4" daemon [_thread_blocked, id=15108, stack(0x0000008ea8e00000,0x0000008ea8f00000)]
  0x0000024a29661000 JavaThread "http-nio-8080-exec-5" daemon [_thread_blocked, id=19996, stack(0x0000008ea8f00000,0x0000008ea9000000)]
  0x0000024a2965f800 JavaThread "http-nio-8080-exec-6" daemon [_thread_blocked, id=20652, stack(0x0000008ea9000000,0x0000008ea9100000)]
  0x0000024a29663800 JavaThread "http-nio-8080-exec-7" daemon [_thread_blocked, id=2760, stack(0x0000008ea9100000,0x0000008ea9200000)]
  0x0000024a2ab7c000 JavaThread "http-nio-8080-exec-8" daemon [_thread_blocked, id=17532, stack(0x0000008ea9200000,0x0000008ea9300000)]
  0x0000024a2ab79800 JavaThread "http-nio-8080-exec-9" daemon [_thread_blocked, id=20928, stack(0x0000008ea9300000,0x0000008ea9400000)]
  0x0000024a2ab7b000 JavaThread "http-nio-8080-exec-10" daemon [_thread_blocked, id=18628, stack(0x0000008ea9400000,0x0000008ea9500000)]
  0x0000024a2ab7c800 JavaThread "http-nio-8080-Poller" daemon [_thread_in_native, id=19520, stack(0x0000008ea9500000,0x0000008ea9600000)]
  0x0000024a2ab7d800 JavaThread "http-nio-8080-Acceptor" daemon [_thread_in_native, id=18724, stack(0x0000008ea9600000,0x0000008ea9700000)]
  0x0000024a2ab7a000 JavaThread "DestroyJavaVM" [_thread_blocked, id=12388, stack(0x0000008ea6c00000,0x0000008ea6d00000)]
  0x0000024a2ab7f000 JavaThread "HikariPool-1 housekeeper" daemon [_thread_blocked, id=19972, stack(0x0000008ea8300000,0x0000008ea8400000)]

Other Threads:
  0x0000024a255aa000 VMThread "VM Thread" [stack: 0x0000008ea7200000,0x0000008ea7300000] [id=20520]
  0x0000024a264f4000 WatcherThread [stack: 0x0000008ea7f00000,0x0000008ea8000000] [id=8392]
  0x0000024a06e0e800 GCTaskThread "GC Thread#0" [stack: 0x0000008ea6d00000,0x0000008ea6e00000] [id=4500]
  0x0000024a2690f800 GCTaskThread "GC Thread#1" [stack: 0x0000008ea8000000,0x0000008ea8100000] [id=15864]
  0x0000024a26a88800 GCTaskThread "GC Thread#2" [stack: 0x0000008ea8100000,0x0000008ea8200000] [id=12908]
  0x0000024a2741c800 GCTaskThread "GC Thread#3" [stack: 0x0000008ea8400000,0x0000008ea8500000] [id=17628]
  0x0000024a06e3e800 ConcurrentGCThread "G1 Main Marker" [stack: 0x0000008ea6e00000,0x0000008ea6f00000] [id=20892]
  0x0000024a06e40000 ConcurrentGCThread "G1 Conc#0" [stack: 0x0000008ea6f00000,0x0000008ea7000000] [id=19684]
  0x0000024a06ead000 ConcurrentGCThread "G1 Refine#0" [stack: 0x0000008ea7000000,0x0000008ea7100000] [id=12172]
  0x0000024a06eae800 ConcurrentGCThread "G1 Young RemSet Sampling" [stack: 0x0000008ea7100000,0x0000008ea7200000] [id=21328]

Threads with active compile tasks:
C2 CompilerThread0  8316550 13644       4       org.springframework.web.servlet.mvc.method.RequestMappingInfo::getMatchingCondition (182 bytes)

VM state:not at safepoint (normal execution)

VM Mutex/Monitor currently owned by a thread: None

Heap address: 0x0000000081a00000, size: 2022 MB, Compressed Oops mode: 32-bit
Narrow klass base: 0x0000000000000000, Narrow klass shift: 3
Compressed class space size: 1073741824 Address: 0x0000000100000000

Heap:
 garbage-first heap   total 189440K, used 132476K [0x0000000081a00000, 0x0000000100000000)
  region size 1024K, 90 young (92160K), 2 survivors (2048K)
 Metaspace       used 82421K, capacity 85271K, committed 85456K, reserved 1124352K
  class space    used 9376K, capacity 10468K, committed 10496K, reserved 1048576K
Heap Regions: E=young(eden), S=young(survivor), O=old, HS=humongous(starts), HC=humongous(continues), CS=collection set, F=free, A=archive, TAMS=top-at-mark-start (previous, next)
|   0|0x0000000081a00000, 0x0000000081b00000, 0x0000000081b00000|100%| O|  |TAMS 0x0000000081b00000, 0x0000000081a00000| Untracked 
|   1|0x0000000081b00000, 0x0000000081c00000, 0x0000000081c00000|100%| O|  |TAMS 0x0000000081c00000, 0x0000000081b00000| Untracked 
|   2|0x0000000081c00000, 0x0000000081d00000, 0x0000000081d00000|100%| O|  |TAMS 0x0000000081d00000, 0x0000000081c00000| Untracked 
|   3|0x0000000081d00000, 0x0000000081e00000, 0x0000000081e00000|100%| O|  |TAMS 0x0000000081e00000, 0x0000000081d00000| Untracked 
|   4|0x0000000081e00000, 0x0000000081f00000, 0x0000000081f00000|100%| O|  |TAMS 0x0000000081f00000, 0x0000000081e00000| Untracked 
|   5|0x0000000081f00000, 0x0000000082000000, 0x0000000082000000|100%| O|  |TAMS 0x0000000082000000, 0x0000000081f00000| Untracked 
|   6|0x0000000082000000, 0x0000000082100000, 0x0000000082100000|100%| O|  |TAMS 0x0000000082100000, 0x0000000082000000| Untracked 
|   7|0x0000000082100000, 0x0000000082200000, 0x0000000082200000|100%| O|  |TAMS 0x0000000082200000, 0x0000000082100000| Untracked 
|   8|0x0000000082200000, 0x0000000082300000, 0x0000000082300000|100%| O|  |TAMS 0x0000000082300000, 0x0000000082200000| Untracked 
|   9|0x0000000082300000, 0x0000000082400000, 0x0000000082400000|100%| O|  |TAMS 0x0000000082400000, 0x0000000082300000| Untracked 
|  10|0x0000000082400000, 0x0000000082500000, 0x0000000082500000|100%| O|  |TAMS 0x0000000082500000, 0x0000000082400000| Untracked 
|  11|0x0000000082500000, 0x0000000082600000, 0x0000000082600000|100%| O|  |TAMS 0x0000000082600000, 0x0000000082500000| Untracked 
|  12|0x0000000082600000, 0x0000000082700000, 0x0000000082700000|100%| O|  |TAMS 0x0000000082700000, 0x0000000082600000| Untracked 
|  13|0x0000000082700000, 0x0000000082800000, 0x0000000082800000|100%| O|  |TAMS 0x0000000082800000, 0x0000000082700000| Untracked 
|  14|0x0000000082800000, 0x0000000082900000, 0x0000000082900000|100%| O|  |TAMS 0x0000000082900000, 0x0000000082800000| Untracked 
|  15|0x0000000082900000, 0x0000000082a00000, 0x0000000082a00000|100%| O|  |TAMS 0x0000000082a00000, 0x0000000082900000| Untracked 
|  16|0x0000000082a00000, 0x0000000082b00000, 0x0000000082b00000|100%| O|  |TAMS 0x0000000082b00000, 0x0000000082a00000| Untracked 
|  17|0x0000000082b00000, 0x0000000082c00000, 0x0000000082c00000|100%| O|  |TAMS 0x0000000082c00000, 0x0000000082b00000| Untracked 
|  18|0x0000000082c00000, 0x0000000082d00000, 0x0000000082d00000|100%| O|  |TAMS 0x0000000082d00000, 0x0000000082c00000| Untracked 
|  19|0x0000000082d00000, 0x0000000082e00000, 0x0000000082e00000|100%| O|  |TAMS 0x0000000082e00000, 0x0000000082d00000| Untracked 
|  20|0x0000000082e00000, 0x0000000082f00000, 0x0000000082f00000|100%| O|  |TAMS 0x0000000082f00000, 0x0000000082e00000| Untracked 
|  21|0x0000000082f00000, 0x0000000083000000, 0x0000000083000000|100%| O|  |TAMS 0x0000000082f00000, 0x0000000082f00000| Untracked 
|  22|0x0000000083000000, 0x0000000083100000, 0x0000000083100000|100%| O|  |TAMS 0x0000000083000000, 0x0000000083000000| Untracked 
|  23|0x0000000083100000, 0x0000000083200000, 0x0000000083200000|100%| O|  |TAMS 0x0000000083100000, 0x0000000083100000| Untracked 
|  24|0x0000000083200000, 0x0000000083300000, 0x0000000083300000|100%| O|  |TAMS 0x0000000083200000, 0x0000000083200000| Untracked 
|  25|0x0000000083300000, 0x0000000083400000, 0x0000000083400000|100%| O|  |TAMS 0x0000000083300000, 0x0000000083300000| Untracked 
|  26|0x0000000083400000, 0x0000000083500000, 0x0000000083500000|100%| O|  |TAMS 0x0000000083400000, 0x0000000083400000| Untracked 
|  27|0x0000000083500000, 0x0000000083600000, 0x0000000083600000|100%| O|  |TAMS 0x0000000083500000, 0x0000000083500000| Untracked 
|  28|0x0000000083600000, 0x0000000083700000, 0x0000000083700000|100%| O|  |TAMS 0x0000000083600000, 0x0000000083600000| Untracked 
|  29|0x0000000083700000, 0x0000000083800000, 0x0000000083800000|100%| O|  |TAMS 0x0000000083700000, 0x0000000083700000| Untracked 
|  30|0x0000000083800000, 0x0000000083900000, 0x0000000083900000|100%| O|  |TAMS 0x0000000083800000, 0x0000000083800000| Untracked 
|  31|0x0000000083900000, 0x0000000083a00000, 0x0000000083a00000|100%| O|  |TAMS 0x0000000083900000, 0x0000000083900000| Untracked 
|  32|0x0000000083a00000, 0x0000000083b00000, 0x0000000083b00000|100%| O|  |TAMS 0x0000000083a00000, 0x0000000083a00000| Untracked 
|  33|0x0000000083b00000, 0x0000000083c00000, 0x0000000083c00000|100%| O|  |TAMS 0x0000000083b00000, 0x0000000083b00000| Untracked 
|  34|0x0000000083c00000, 0x0000000083d00000, 0x0000000083d00000|100%| O|  |TAMS 0x0000000083c00000, 0x0000000083c00000| Untracked 
|  35|0x0000000083d00000, 0x0000000083e00000, 0x0000000083e00000|100%| O|  |TAMS 0x0000000083d00000, 0x0000000083d00000| Untracked 
|  36|0x0000000083e00000, 0x0000000083f00000, 0x0000000083f00000|100%| O|  |TAMS 0x0000000083e00000, 0x0000000083e00000| Untracked 
|  37|0x0000000083f00000, 0x0000000084000000, 0x0000000084000000|100%| O|  |TAMS 0x0000000083f00000, 0x0000000083f00000| Untracked 
|  38|0x0000000084000000, 0x0000000084100000, 0x0000000084100000|100%| O|  |TAMS 0x0000000084000000, 0x0000000084000000| Untracked 
|  39|0x0000000084100000, 0x0000000084200000, 0x0000000084200000|100%| O|  |TAMS 0x0000000084100000, 0x0000000084100000| Untracked 
|  40|0x0000000084200000, 0x0000000084295000, 0x0000000084300000| 58%| O|  |TAMS 0x0000000084200000, 0x0000000084200000| Untracked 
|  41|0x0000000084300000, 0x0000000084300000, 0x0000000084400000|  0%| F|  |TAMS 0x0000000084300000, 0x0000000084300000| Untracked 
|  42|0x0000000084400000, 0x0000000084400000, 0x0000000084500000|  0%| F|  |TAMS 0x0000000084400000, 0x0000000084400000| Untracked 
|  43|0x0000000084500000, 0x0000000084500000, 0x0000000084600000|  0%| F|  |TAMS 0x0000000084500000, 0x0000000084500000| Untracked 
|  44|0x0000000084600000, 0x0000000084600000, 0x0000000084700000|  0%| F|  |TAMS 0x0000000084600000, 0x0000000084600000| Untracked 
|  45|0x0000000084700000, 0x0000000084700000, 0x0000000084800000|  0%| F|  |TAMS 0x0000000084700000, 0x0000000084700000| Untracked 
|  46|0x0000000084800000, 0x0000000084800000, 0x0000000084900000|  0%| F|  |TAMS 0x0000000084800000, 0x0000000084800000| Untracked 
|  47|0x0000000084900000, 0x0000000084900000, 0x0000000084a00000|  0%| F|  |TAMS 0x0000000084900000, 0x0000000084900000| Untracked 
|  48|0x0000000084a00000, 0x0000000084a00000, 0x0000000084b00000|  0%| F|  |TAMS 0x0000000084a00000, 0x0000000084a00000| Untracked 
|  49|0x0000000084b00000, 0x0000000084b00000, 0x0000000084c00000|  0%| F|  |TAMS 0x0000000084b00000, 0x0000000084b00000| Untracked 
|  50|0x0000000084c00000, 0x0000000084c00000, 0x0000000084d00000|  0%| F|  |TAMS 0x0000000084c00000, 0x0000000084c00000| Untracked 
|  51|0x0000000084d00000, 0x0000000084d00000, 0x0000000084e00000|  0%| F|  |TAMS 0x0000000084d00000, 0x0000000084d00000| Untracked 
|  52|0x0000000084e00000, 0x0000000084e00000, 0x0000000084f00000|  0%| F|  |TAMS 0x0000000084e00000, 0x0000000084e00000| Untracked 
|  53|0x0000000084f00000, 0x0000000084f00000, 0x0000000085000000|  0%| F|  |TAMS 0x0000000084f00000, 0x0000000084f00000| Untracked 
|  54|0x0000000085000000, 0x0000000085000000, 0x0000000085100000|  0%| F|  |TAMS 0x0000000085000000, 0x0000000085000000| Untracked 
|  55|0x0000000085100000, 0x0000000085100000, 0x0000000085200000|  0%| F|  |TAMS 0x0000000085100000, 0x0000000085100000| Untracked 
|  56|0x0000000085200000, 0x0000000085200000, 0x0000000085300000|  0%| F|  |TAMS 0x0000000085200000, 0x0000000085200000| Untracked 
|  57|0x0000000085300000, 0x0000000085300000, 0x0000000085400000|  0%| F|  |TAMS 0x0000000085300000, 0x0000000085300000| Untracked 
|  58|0x0000000085400000, 0x0000000085400000, 0x0000000085500000|  0%| F|  |TAMS 0x0000000085400000, 0x0000000085400000| Untracked 
|  59|0x0000000085500000, 0x0000000085500000, 0x0000000085600000|  0%| F|  |TAMS 0x0000000085500000, 0x0000000085500000| Untracked 
|  60|0x0000000085600000, 0x0000000085600000, 0x0000000085700000|  0%| F|  |TAMS 0x0000000085600000, 0x0000000085600000| Untracked 
|  61|0x0000000085700000, 0x0000000085700000, 0x0000000085800000|  0%| F|  |TAMS 0x0000000085700000, 0x0000000085700000| Untracked 
|  62|0x0000000085800000, 0x0000000085800000, 0x0000000085900000|  0%| F|  |TAMS 0x0000000085800000, 0x0000000085800000| Untracked 
|  63|0x0000000085900000, 0x0000000085900000, 0x0000000085a00000|  0%| F|  |TAMS 0x0000000085900000, 0x0000000085900000| Untracked 
|  64|0x0000000085a00000, 0x0000000085a00000, 0x0000000085b00000|  0%| F|  |TAMS 0x0000000085a00000, 0x0000000085a00000| Untracked 
|  65|0x0000000085b00000, 0x0000000085b00000, 0x0000000085c00000|  0%| F|  |TAMS 0x0000000085b00000, 0x0000000085b00000| Untracked 
|  66|0x0000000085c00000, 0x0000000085c00000, 0x0000000085d00000|  0%| F|  |TAMS 0x0000000085c00000, 0x0000000085c00000| Untracked 
|  67|0x0000000085d00000, 0x0000000085d00000, 0x0000000085e00000|  0%| F|  |TAMS 0x0000000085d00000, 0x0000000085d00000| Untracked 
|  68|0x0000000085e00000, 0x0000000085e00000, 0x0000000085f00000|  0%| F|  |TAMS 0x0000000085e00000, 0x0000000085e00000| Untracked 
|  69|0x0000000085f00000, 0x0000000085f00000, 0x0000000086000000|  0%| F|  |TAMS 0x0000000085f00000, 0x0000000085f00000| Untracked 
|  70|0x0000000086000000, 0x0000000086000000, 0x0000000086100000|  0%| F|  |TAMS 0x0000000086000000, 0x0000000086000000| Untracked 
|  71|0x0000000086100000, 0x0000000086100000, 0x0000000086200000|  0%| F|  |TAMS 0x0000000086100000, 0x0000000086100000| Untracked 
|  72|0x0000000086200000, 0x0000000086200000, 0x0000000086300000|  0%| F|  |TAMS 0x0000000086200000, 0x0000000086200000| Untracked 
|  73|0x0000000086300000, 0x00000000863ca160, 0x0000000086400000| 78%| S|CS|TAMS 0x0000000086300000, 0x0000000086300000| Complete 
|  74|0x0000000086400000, 0x0000000086400000, 0x0000000086500000|  0%| F|  |TAMS 0x0000000086400000, 0x0000000086400000| Untracked 
|  75|0x0000000086500000, 0x0000000086600000, 0x0000000086600000|100%| S|CS|TAMS 0x0000000086500000, 0x0000000086500000| Complete 
|  76|0x0000000086600000, 0x0000000086600000, 0x0000000086700000|  0%| F|  |TAMS 0x0000000086600000, 0x0000000086600000| Untracked 
|  77|0x0000000086700000, 0x0000000086700000, 0x0000000086800000|  0%| F|  |TAMS 0x0000000086700000, 0x0000000086700000| Untracked 
|  78|0x0000000086800000, 0x0000000086800000, 0x0000000086900000|  0%| F|  |TAMS 0x0000000086800000, 0x0000000086800000| Untracked 
|  79|0x0000000086900000, 0x0000000086900000, 0x0000000086a00000|  0%| F|  |TAMS 0x0000000086900000, 0x0000000086900000| Untracked 
|  80|0x0000000086a00000, 0x0000000086a00000, 0x0000000086b00000|  0%| F|  |TAMS 0x0000000086a00000, 0x0000000086a00000| Untracked 
|  81|0x0000000086b00000, 0x0000000086b00000, 0x0000000086c00000|  0%| F|  |TAMS 0x0000000086b00000, 0x0000000086b00000| Untracked 
|  82|0x0000000086c00000, 0x0000000086c00000, 0x0000000086d00000|  0%| F|  |TAMS 0x0000000086c00000, 0x0000000086c00000| Untracked 
|  83|0x0000000086d00000, 0x0000000086d00000, 0x0000000086e00000|  0%| F|  |TAMS 0x0000000086d00000, 0x0000000086d00000| Untracked 
|  84|0x0000000086e00000, 0x0000000086e00000, 0x0000000086f00000|  0%| F|  |TAMS 0x0000000086e00000, 0x0000000086e00000| Untracked 
|  85|0x0000000086f00000, 0x0000000086f00000, 0x0000000087000000|  0%| F|  |TAMS 0x0000000086f00000, 0x0000000086f00000| Untracked 
|  86|0x0000000087000000, 0x0000000087000000, 0x0000000087100000|  0%| F|  |TAMS 0x0000000087000000, 0x0000000087000000| Untracked 
|  87|0x0000000087100000, 0x0000000087100000, 0x0000000087200000|  0%| F|  |TAMS 0x0000000087100000, 0x0000000087100000| Untracked 
|  88|0x0000000087200000, 0x0000000087200000, 0x0000000087300000|  0%| F|  |TAMS 0x0000000087200000, 0x0000000087200000| Untracked 
|  89|0x0000000087300000, 0x0000000087300000, 0x0000000087400000|  0%| F|  |TAMS 0x0000000087300000, 0x0000000087300000| Untracked 
|  90|0x0000000087400000, 0x0000000087400000, 0x0000000087500000|  0%| F|  |TAMS 0x0000000087400000, 0x0000000087400000| Untracked 
|  91|0x0000000087500000, 0x0000000087500000, 0x0000000087600000|  0%| F|  |TAMS 0x0000000087500000, 0x0000000087500000| Untracked 
|  92|0x0000000087600000, 0x0000000087600000, 0x0000000087700000|  0%| F|  |TAMS 0x0000000087600000, 0x0000000087600000| Untracked 
|  93|0x0000000087700000, 0x0000000087700000, 0x0000000087800000|  0%| F|  |TAMS 0x0000000087700000, 0x0000000087700000| Untracked 
|  94|0x0000000087800000, 0x0000000087800000, 0x0000000087900000|  0%| F|  |TAMS 0x0000000087800000, 0x0000000087800000| Untracked 
|  95|0x0000000087900000, 0x0000000087900000, 0x0000000087a00000|  0%| F|  |TAMS 0x0000000087900000, 0x0000000087900000| Untracked 
|  96|0x0000000087a00000, 0x0000000087a00000, 0x0000000087b00000|  0%| F|  |TAMS 0x0000000087a00000, 0x0000000087a00000| Untracked 
|  97|0x0000000087b00000, 0x0000000087b9e610, 0x0000000087c00000| 61%| E|  |TAMS 0x0000000087b00000, 0x0000000087b00000| Complete 
|  98|0x0000000087c00000, 0x0000000087d00000, 0x0000000087d00000|100%| E|CS|TAMS 0x0000000087c00000, 0x0000000087c00000| Complete 
|  99|0x0000000087d00000, 0x0000000087e00000, 0x0000000087e00000|100%| E|CS|TAMS 0x0000000087d00000, 0x0000000087d00000| Complete 
| 100|0x0000000087e00000, 0x0000000087f00000, 0x0000000087f00000|100%| E|CS|TAMS 0x0000000087e00000, 0x0000000087e00000| Complete 
| 101|0x0000000087f00000, 0x0000000088000000, 0x0000000088000000|100%| E|CS|TAMS 0x0000000087f00000, 0x0000000087f00000| Complete 
| 102|0x0000000088000000, 0x0000000088100000, 0x0000000088100000|100%| E|CS|TAMS 0x0000000088000000, 0x0000000088000000| Complete 
| 103|0x0000000088100000, 0x0000000088200000, 0x0000000088200000|100%| E|CS|TAMS 0x0000000088100000, 0x0000000088100000| Complete 
| 104|0x0000000088200000, 0x0000000088300000, 0x0000000088300000|100%| E|CS|TAMS 0x0000000088200000, 0x0000000088200000| Complete 
| 105|0x0000000088300000, 0x0000000088400000, 0x0000000088400000|100%| E|CS|TAMS 0x0000000088300000, 0x0000000088300000| Complete 
| 106|0x0000000088400000, 0x0000000088500000, 0x0000000088500000|100%| E|CS|TAMS 0x0000000088400000, 0x0000000088400000| Complete 
| 107|0x0000000088500000, 0x0000000088600000, 0x0000000088600000|100%| E|CS|TAMS 0x0000000088500000, 0x0000000088500000| Complete 
| 108|0x0000000088600000, 0x0000000088700000, 0x0000000088700000|100%| E|CS|TAMS 0x0000000088600000, 0x0000000088600000| Complete 
| 109|0x0000000088700000, 0x0000000088800000, 0x0000000088800000|100%| E|CS|TAMS 0x0000000088700000, 0x0000000088700000| Complete 
| 110|0x0000000088800000, 0x0000000088900000, 0x0000000088900000|100%| E|CS|TAMS 0x0000000088800000, 0x0000000088800000| Complete 
| 111|0x0000000088900000, 0x0000000088a00000, 0x0000000088a00000|100%| E|CS|TAMS 0x0000000088900000, 0x0000000088900000| Complete 
| 112|0x0000000088a00000, 0x0000000088b00000, 0x0000000088b00000|100%| E|CS|TAMS 0x0000000088a00000, 0x0000000088a00000| Complete 
| 113|0x0000000088b00000, 0x0000000088c00000, 0x0000000088c00000|100%| E|CS|TAMS 0x0000000088b00000, 0x0000000088b00000| Complete 
| 114|0x0000000088c00000, 0x0000000088d00000, 0x0000000088d00000|100%| E|CS|TAMS 0x0000000088c00000, 0x0000000088c00000| Complete 
| 115|0x0000000088d00000, 0x0000000088e00000, 0x0000000088e00000|100%| E|CS|TAMS 0x0000000088d00000, 0x0000000088d00000| Complete 
| 116|0x0000000088e00000, 0x0000000088f00000, 0x0000000088f00000|100%| E|CS|TAMS 0x0000000088e00000, 0x0000000088e00000| Complete 
| 117|0x0000000088f00000, 0x0000000089000000, 0x0000000089000000|100%| E|CS|TAMS 0x0000000088f00000, 0x0000000088f00000| Complete 
| 118|0x0000000089000000, 0x0000000089100000, 0x0000000089100000|100%| E|CS|TAMS 0x0000000089000000, 0x0000000089000000| Complete 
| 119|0x0000000089100000, 0x0000000089200000, 0x0000000089200000|100%| E|CS|TAMS 0x0000000089100000, 0x0000000089100000| Complete 
| 120|0x0000000089200000, 0x0000000089300000, 0x0000000089300000|100%| E|CS|TAMS 0x0000000089200000, 0x0000000089200000| Complete 
| 121|0x0000000089300000, 0x0000000089400000, 0x0000000089400000|100%| E|CS|TAMS 0x0000000089300000, 0x0000000089300000| Complete 
| 122|0x0000000089400000, 0x0000000089500000, 0x0000000089500000|100%| E|CS|TAMS 0x0000000089400000, 0x0000000089400000| Complete 
| 123|0x0000000089500000, 0x0000000089600000, 0x0000000089600000|100%| E|CS|TAMS 0x0000000089500000, 0x0000000089500000| Complete 
| 124|0x0000000089600000, 0x0000000089700000, 0x0000000089700000|100%| E|CS|TAMS 0x0000000089600000, 0x0000000089600000| Complete 
| 125|0x0000000089700000, 0x0000000089800000, 0x0000000089800000|100%| E|CS|TAMS 0x0000000089700000, 0x0000000089700000| Complete 
| 126|0x0000000089800000, 0x0000000089900000, 0x0000000089900000|100%| E|CS|TAMS 0x0000000089800000, 0x0000000089800000| Complete 
| 127|0x0000000089900000, 0x0000000089a00000, 0x0000000089a00000|100%| E|CS|TAMS 0x0000000089900000, 0x0000000089900000| Complete 
| 128|0x0000000089a00000, 0x0000000089b00000, 0x0000000089b00000|100%| E|CS|TAMS 0x0000000089a00000, 0x0000000089a00000| Complete 
| 129|0x0000000089b00000, 0x0000000089c00000, 0x0000000089c00000|100%| E|CS|TAMS 0x0000000089b00000, 0x0000000089b00000| Complete 
| 130|0x0000000089c00000, 0x0000000089d00000, 0x0000000089d00000|100%| E|CS|TAMS 0x0000000089c00000, 0x0000000089c00000| Complete 
| 131|0x0000000089d00000, 0x0000000089e00000, 0x0000000089e00000|100%| E|CS|TAMS 0x0000000089d00000, 0x0000000089d00000| Complete 
| 132|0x0000000089e00000, 0x0000000089f00000, 0x0000000089f00000|100%| E|CS|TAMS 0x0000000089e00000, 0x0000000089e00000| Complete 
| 133|0x0000000089f00000, 0x000000008a000000, 0x000000008a000000|100%| E|CS|TAMS 0x0000000089f00000, 0x0000000089f00000| Complete 
| 134|0x000000008a000000, 0x000000008a100000, 0x000000008a100000|100%| E|CS|TAMS 0x000000008a000000, 0x000000008a000000| Complete 
| 135|0x000000008a100000, 0x000000008a200000, 0x000000008a200000|100%| E|CS|TAMS 0x000000008a100000, 0x000000008a100000| Complete 
| 136|0x000000008a200000, 0x000000008a300000, 0x000000008a300000|100%| E|CS|TAMS 0x000000008a200000, 0x000000008a200000| Complete 
| 137|0x000000008a300000, 0x000000008a400000, 0x000000008a400000|100%| E|CS|TAMS 0x000000008a300000, 0x000000008a300000| Complete 
| 138|0x000000008a400000, 0x000000008a500000, 0x000000008a500000|100%| E|CS|TAMS 0x000000008a400000, 0x000000008a400000| Complete 
| 139|0x000000008a500000, 0x000000008a600000, 0x000000008a600000|100%| E|CS|TAMS 0x000000008a500000, 0x000000008a500000| Complete 
| 140|0x000000008a600000, 0x000000008a700000, 0x000000008a700000|100%| E|CS|TAMS 0x000000008a600000, 0x000000008a600000| Complete 
| 141|0x000000008a700000, 0x000000008a800000, 0x000000008a800000|100%| E|CS|TAMS 0x000000008a700000, 0x000000008a700000| Complete 
| 142|0x000000008a800000, 0x000000008a900000, 0x000000008a900000|100%| E|CS|TAMS 0x000000008a800000, 0x000000008a800000| Complete 
| 143|0x000000008a900000, 0x000000008aa00000, 0x000000008aa00000|100%| E|CS|TAMS 0x000000008a900000, 0x000000008a900000| Complete 
| 144|0x000000008aa00000, 0x000000008ab00000, 0x000000008ab00000|100%| E|CS|TAMS 0x000000008aa00000, 0x000000008aa00000| Complete 
| 145|0x000000008ab00000, 0x000000008ac00000, 0x000000008ac00000|100%| E|CS|TAMS 0x000000008ab00000, 0x000000008ab00000| Complete 
| 146|0x000000008ac00000, 0x000000008ad00000, 0x000000008ad00000|100%| E|CS|TAMS 0x000000008ac00000, 0x000000008ac00000| Complete 
| 147|0x000000008ad00000, 0x000000008ae00000, 0x000000008ae00000|100%| E|CS|TAMS 0x000000008ad00000, 0x000000008ad00000| Complete 
| 148|0x000000008ae00000, 0x000000008af00000, 0x000000008af00000|100%| E|CS|TAMS 0x000000008ae00000, 0x000000008ae00000| Complete 
| 149|0x000000008af00000, 0x000000008b000000, 0x000000008b000000|100%| E|CS|TAMS 0x000000008af00000, 0x000000008af00000| Complete 
| 150|0x000000008b000000, 0x000000008b100000, 0x000000008b100000|100%| E|CS|TAMS 0x000000008b000000, 0x000000008b000000| Complete 
| 151|0x000000008b100000, 0x000000008b200000, 0x000000008b200000|100%| E|CS|TAMS 0x000000008b100000, 0x000000008b100000| Complete 
| 152|0x000000008b200000, 0x000000008b300000, 0x000000008b300000|100%| E|CS|TAMS 0x000000008b200000, 0x000000008b200000| Complete 
| 153|0x000000008b300000, 0x000000008b400000, 0x000000008b400000|100%| E|CS|TAMS 0x000000008b300000, 0x000000008b300000| Complete 
| 154|0x000000008b400000, 0x000000008b500000, 0x000000008b500000|100%| E|CS|TAMS 0x000000008b400000, 0x000000008b400000| Complete 
| 155|0x000000008b500000, 0x000000008b600000, 0x000000008b600000|100%| E|CS|TAMS 0x000000008b500000, 0x000000008b500000| Complete 
| 156|0x000000008b600000, 0x000000008b700000, 0x000000008b700000|100%| E|CS|TAMS 0x000000008b600000, 0x000000008b600000| Complete 
| 157|0x000000008b700000, 0x000000008b800000, 0x000000008b800000|100%| E|CS|TAMS 0x000000008b700000, 0x000000008b700000| Complete 
| 158|0x000000008b800000, 0x000000008b900000, 0x000000008b900000|100%| E|CS|TAMS 0x000000008b800000, 0x000000008b800000| Complete 
| 159|0x000000008b900000, 0x000000008ba00000, 0x000000008ba00000|100%| E|CS|TAMS 0x000000008b900000, 0x000000008b900000| Complete 
| 160|0x000000008ba00000, 0x000000008bb00000, 0x000000008bb00000|100%| E|CS|TAMS 0x000000008ba00000, 0x000000008ba00000| Complete 
| 161|0x000000008bb00000, 0x000000008bc00000, 0x000000008bc00000|100%| E|CS|TAMS 0x000000008bb00000, 0x000000008bb00000| Complete 
| 162|0x000000008bc00000, 0x000000008bd00000, 0x000000008bd00000|100%| E|CS|TAMS 0x000000008bc00000, 0x000000008bc00000| Complete 
| 163|0x000000008bd00000, 0x000000008be00000, 0x000000008be00000|100%| E|CS|TAMS 0x000000008bd00000, 0x000000008bd00000| Complete 
| 164|0x000000008be00000, 0x000000008bf00000, 0x000000008bf00000|100%| E|CS|TAMS 0x000000008be00000, 0x000000008be00000| Complete 
| 165|0x000000008bf00000, 0x000000008c000000, 0x000000008c000000|100%| E|CS|TAMS 0x000000008bf00000, 0x000000008bf00000| Complete 
| 166|0x000000008c000000, 0x000000008c100000, 0x000000008c100000|100%| E|CS|TAMS 0x000000008c000000, 0x000000008c000000| Complete 
| 167|0x000000008c100000, 0x000000008c200000, 0x000000008c200000|100%| E|CS|TAMS 0x000000008c100000, 0x000000008c100000| Complete 
| 168|0x000000008c200000, 0x000000008c300000, 0x000000008c300000|100%| E|CS|TAMS 0x000000008c200000, 0x000000008c200000| Complete 
| 169|0x000000008c300000, 0x000000008c400000, 0x000000008c400000|100%| E|CS|TAMS 0x000000008c300000, 0x000000008c300000| Complete 
| 170|0x000000008c400000, 0x000000008c500000, 0x000000008c500000|100%| E|CS|TAMS 0x000000008c400000, 0x000000008c400000| Complete 
| 171|0x000000008c500000, 0x000000008c600000, 0x000000008c600000|100%| E|CS|TAMS 0x000000008c500000, 0x000000008c500000| Complete 
| 172|0x000000008c600000, 0x000000008c700000, 0x000000008c700000|100%| E|CS|TAMS 0x000000008c600000, 0x000000008c600000| Complete 
| 173|0x000000008c700000, 0x000000008c800000, 0x000000008c800000|100%| E|CS|TAMS 0x000000008c700000, 0x000000008c700000| Complete 
| 174|0x000000008c800000, 0x000000008c900000, 0x000000008c900000|100%| E|CS|TAMS 0x000000008c800000, 0x000000008c800000| Complete 
| 175|0x000000008c900000, 0x000000008ca00000, 0x000000008ca00000|100%| E|CS|TAMS 0x000000008c900000, 0x000000008c900000| Complete 
| 176|0x000000008ca00000, 0x000000008cb00000, 0x000000008cb00000|100%| E|CS|TAMS 0x000000008ca00000, 0x000000008ca00000| Complete 
| 177|0x000000008cb00000, 0x000000008cc00000, 0x000000008cc00000|100%| E|CS|TAMS 0x000000008cb00000, 0x000000008cb00000| Complete 
| 178|0x000000008cc00000, 0x000000008cd00000, 0x000000008cd00000|100%| E|CS|TAMS 0x000000008cc00000, 0x000000008cc00000| Complete 
| 179|0x000000008cd00000, 0x000000008ce00000, 0x000000008ce00000|100%| E|CS|TAMS 0x000000008cd00000, 0x000000008cd00000| Complete 
| 180|0x000000008ce00000, 0x000000008cf00000, 0x000000008cf00000|100%| E|CS|TAMS 0x000000008ce00000, 0x000000008ce00000| Complete 
| 181|0x000000008cf00000, 0x000000008d000000, 0x000000008d000000|100%| E|CS|TAMS 0x000000008cf00000, 0x000000008cf00000| Complete 
| 182|0x000000008d000000, 0x000000008d100000, 0x000000008d100000|100%| E|CS|TAMS 0x000000008d000000, 0x000000008d000000| Complete 
| 183|0x000000008d100000, 0x000000008d200000, 0x000000008d200000|100%| E|CS|TAMS 0x000000008d100000, 0x000000008d100000| Complete 
| 184|0x000000008d200000, 0x000000008d300000, 0x000000008d300000|100%| E|CS|TAMS 0x000000008d200000, 0x000000008d200000| Complete 

Card table byte_map: [0x0000024a1e980000,0x0000024a1ed80000] _byte_map_base: 0x0000024a1e573000

Marking Bits (Prev, Next): (CMBitMap*) 0x0000024a06e35c20, (CMBitMap*) 0x0000024a06e35be8
 Prev Bits: [0x0000024a21120000, 0x0000024a230b8000)
 Next Bits: [0x0000024a1f180000, 0x0000024a21118000)

Polling page: 0x0000024a065b0000

Metaspace:

Usage:
  Non-class:     73.05 MB capacity,    71.33 MB ( 98%) used,     1.38 MB (  2%) free+waste,   348.06 KB ( <1%) overhead. 
      Class:     10.22 MB capacity,     9.16 MB ( 90%) used,   933.27 KB (  9%) free+waste,   158.50 KB (  2%) overhead. 
       Both:     83.27 MB capacity,    80.49 MB ( 97%) used,     2.29 MB (  3%) free+waste,   506.56 KB ( <1%) overhead. 

Virtual space:
  Non-class space:       74.00 MB reserved,      73.20 MB ( 99%) committed 
      Class space:        1.00 GB reserved,      10.25 MB (  1%) committed 
             Both:        1.07 GB reserved,      83.45 MB (  8%) committed 

Chunk freelists:
   Non-Class:  29.00 KB
       Class:  0 bytes
        Both:  29.00 KB

MaxMetaspaceSize: 17179869184.00 GB
CompressedClassSpaceSize: 1.00 GB
Initial GC threshold: 20.80 MB
Current GC threshold: 98.67 MB
CDS: off

CodeHeap 'non-profiled nmethods': size=120064Kb used=9441Kb max_used=9441Kb free=110622Kb
 bounds [0x0000024a17040000, 0x0000024a17980000, 0x0000024a1e580000]
CodeHeap 'profiled nmethods': size=120000Kb used=31628Kb max_used=31628Kb free=88371Kb
 bounds [0x0000024a0fb10000, 0x0000024a11a00000, 0x0000024a17040000]
CodeHeap 'non-nmethods': size=5696Kb used=1352Kb max_used=1407Kb free=4344Kb
 bounds [0x0000024a0f580000, 0x0000024a0f7f0000, 0x0000024a0fb10000]
 total_blobs=14120 nmethods=13471 adapters=559
 compilation: enabled
              stopped_count=0, restarted_count=0
 full_count=0

Compilation events (20 events):
Event: 8314.696 Thread 0x0000024a25ef4000 nmethod 13637 0x0000024a119e1b10 code [0x0000024a119e1f60, 0x0000024a119e43a8]
Event: 8314.696 Thread 0x0000024a25ef4000 13641   !   3       org.apache.coyote.http11.Http11Processor::service (1248 bytes)
Event: 8314.712 Thread 0x0000024a25ef4000 nmethod 13641 0x0000024a119e5090 code [0x0000024a119e5be0, 0x0000024a119ee378]
Event: 8314.712 Thread 0x0000024a25ef4000 13638       3       org.apache.tomcat.util.net.NioEndpoint$Poller::unreg (15 bytes)
Event: 8314.712 Thread 0x0000024a25ef4000 nmethod 13638 0x0000024a119f0f10 code [0x0000024a119f1100, 0x0000024a119f1498]
Event: 8314.712 Thread 0x0000024a25ef4000 13639       3       org.apache.tomcat.util.net.NioEndpoint$Poller::reg (13 bytes)
Event: 8314.713 Thread 0x0000024a25ef4000 nmethod 13639 0x0000024a119f1610 code [0x0000024a119f17e0, 0x0000024a119f1a28]
Event: 8314.713 Thread 0x0000024a25ef4000 13640       3       org.apache.tomcat.util.net.NioEndpoint$NioSocketWrapper::getSslSupport (25 bytes)
Event: 8314.713 Thread 0x0000024a25ef4000 nmethod 13640 0x0000024a119f1b90 code [0x0000024a119f1d60, 0x0000024a119f2268]
Event: 8314.713 Thread 0x0000024a25ef4000 13642       3       org.apache.coyote.http11.Http11Processor::setSocketWrapper (22 bytes)
Event: 8314.713 Thread 0x0000024a25ef4000 nmethod 13642 0x0000024a119f2390 code [0x0000024a119f2560, 0x0000024a119f27c8]
Event: 8314.860 Thread 0x0000024a25ef0800 13643       4       org.springframework.web.servlet.mvc.method.RequestMappingInfoHandlerMapping::getMatchingMapping (10 bytes)
Event: 8314.863 Thread 0x0000024a25ef4000 13645  s    3       org.apache.coyote.AsyncStateMachine::recycle (32 bytes)
Event: 8314.864 Thread 0x0000024a25ef4000 nmethod 13645 0x0000024a119f2910 code [0x0000024a119f2ae0, 0x0000024a119f2ee8]
Event: 8314.913 Thread 0x0000024a25ef4000 13646   !   3       com.sun.proxy.$Proxy133::annotationType (29 bytes)
Event: 8314.913 Thread 0x0000024a25ef4000 nmethod 13646 0x0000024a119f2f90 code [0x0000024a119f3180, 0x0000024a119f3558]
Event: 8315.725 Thread 0x0000024a25ef0800 nmethod 13643 0x0000024a1796b390 code [0x0000024a1796ba60, 0x0000024a17973c88]
Event: 8315.726 Thread 0x0000024a25ef0800 13647       4       java.lang.ThreadLocal$ThreadLocalMap::remove (68 bytes)
Event: 8315.757 Thread 0x0000024a25ef0800 nmethod 13647 0x0000024a17977810 code [0x0000024a179779c0, 0x0000024a17978118]
Event: 8315.757 Thread 0x0000024a25ef0800 13644       4       org.springframework.web.servlet.mvc.method.RequestMappingInfo::getMatchingCondition (182 bytes)

GC Heap History (20 events):
Event: 5820.519 GC heap before
{Heap before GC invocations=39 (full 0):
 garbage-first heap   total 189440K, used 154310K [0x0000000081a00000, 0x0000000100000000)
  region size 1024K, 111 young (113664K), 2 survivors (2048K)
 Metaspace       used 81034K, capacity 83882K, committed 84048K, reserved 1122304K
  class space    used 9283K, capacity 10340K, committed 10368K, reserved 1048576K
}
Event: 5820.521 GC heap after
{Heap after GC invocations=40 (full 0):
 garbage-first heap   total 189440K, used 42553K [0x0000000081a00000, 0x0000000100000000)
  region size 1024K, 1 young (1024K), 1 survivors (1024K)
 Metaspace       used 81034K, capacity 83882K, committed 84048K, reserved 1122304K
  class space    used 9283K, capacity 10340K, committed 10368K, reserved 1048576K
}
Event: 6087.987 GC heap before
{Heap before GC invocations=40 (full 0):
 garbage-first heap   total 189440K, used 155193K [0x0000000081a00000, 0x0000000100000000)
  region size 1024K, 111 young (113664K), 1 survivors (1024K)
 Metaspace       used 81034K, capacity 83882K, committed 84048K, reserved 1122304K
  class space    used 9283K, capacity 10340K, committed 10368K, reserved 1048576K
}
Event: 6087.988 GC heap after
{Heap after GC invocations=41 (full 0):
 garbage-first heap   total 189440K, used 42302K [0x0000000081a00000, 0x0000000100000000)
  region size 1024K, 1 young (1024K), 1 survivors (1024K)
 Metaspace       used 81034K, capacity 83882K, committed 84048K, reserved 1122304K
  class space    used 9283K, capacity 10340K, committed 10368K, reserved 1048576K
}
Event: 6356.718 GC heap before
{Heap before GC invocations=41 (full 0):
 garbage-first heap   total 189440K, used 154942K [0x0000000081a00000, 0x0000000100000000)
  region size 1024K, 111 young (113664K), 1 survivors (1024K)
 Metaspace       used 81034K, capacity 83882K, committed 84048K, reserved 1122304K
  class space    used 9283K, capacity 10340K, committed 10368K, reserved 1048576K
}
Event: 6356.719 GC heap after
{Heap after GC invocations=42 (full 0):
 garbage-first heap   total 189440K, used 42363K [0x0000000081a00000, 0x0000000100000000)
  region size 1024K, 1 young (1024K), 1 survivors (1024K)
 Metaspace       used 81034K, capacity 83882K, committed 84048K, reserved 1122304K
  class space    used 9283K, capacity 10340K, committed 10368K, reserved 1048576K
}
Event: 6625.497 GC heap before
{Heap before GC invocations=42 (full 0):
 garbage-first heap   total 189440K, used 155003K [0x0000000081a00000, 0x0000000100000000)
  region size 1024K, 111 young (113664K), 1 survivors (1024K)
 Metaspace       used 81034K, capacity 83882K, committed 84048K, reserved 1122304K
  class space    used 9283K, capacity 10340K, committed 10368K, reserved 1048576K
}
Event: 6625.498 GC heap after
{Heap after GC invocations=43 (full 0):
 garbage-first heap   total 189440K, used 42365K [0x0000000081a00000, 0x0000000100000000)
  region size 1024K, 1 young (1024K), 1 survivors (1024K)
 Metaspace       used 81034K, capacity 83882K, committed 84048K, reserved 1122304K
  class space    used 9283K, capacity 10340K, committed 10368K, reserved 1048576K
}
Event: 6893.105 GC heap before
{Heap before GC invocations=43 (full 0):
 garbage-first heap   total 189440K, used 155005K [0x0000000081a00000, 0x0000000100000000)
  region size 1024K, 111 young (113664K), 1 survivors (1024K)
 Metaspace       used 81035K, capacity 83882K, committed 84048K, reserved 1122304K
  class space    used 9283K, capacity 10340K, committed 10368K, reserved 1048576K
}
Event: 6893.106 GC heap after
{Heap after GC invocations=44 (full 0):
 garbage-first heap   total 189440K, used 42310K [0x0000000081a00000, 0x0000000100000000)
  region size 1024K, 1 young (1024K), 1 survivors (1024K)
 Metaspace       used 81035K, capacity 83882K, committed 84048K, reserved 1122304K
  class space    used 9283K, capacity 10340K, committed 10368K, reserved 1048576K
}
Event: 7146.594 GC heap before
{Heap before GC invocations=44 (full 0):
 garbage-first heap   total 189440K, used 154950K [0x0000000081a00000, 0x0000000100000000)
  region size 1024K, 111 young (113664K), 1 survivors (1024K)
 Metaspace       used 81050K, capacity 83882K, committed 84048K, reserved 1122304K
  class space    used 9284K, capacity 10340K, committed 10368K, reserved 1048576K
}
Event: 7146.595 GC heap after
{Heap after GC invocations=45 (full 0):
 garbage-first heap   total 189440K, used 42547K [0x0000000081a00000, 0x0000000100000000)
  region size 1024K, 1 young (1024K), 1 survivors (1024K)
 Metaspace       used 81050K, capacity 83882K, committed 84048K, reserved 1122304K
  class space    used 9284K, capacity 10340K, committed 10368K, reserved 1048576K
}
Event: 7408.003 GC heap before
{Heap before GC invocations=45 (full 0):
 garbage-first heap   total 189440K, used 155187K [0x0000000081a00000, 0x0000000100000000)
  region size 1024K, 111 young (113664K), 1 survivors (1024K)
 Metaspace       used 81069K, capacity 83882K, committed 84048K, reserved 1122304K
  class space    used 9284K, capacity 10340K, committed 10368K, reserved 1048576K
}
Event: 7408.005 GC heap after
{Heap after GC invocations=46 (full 0):
 garbage-first heap   total 189440K, used 42569K [0x0000000081a00000, 0x0000000100000000)
  region size 1024K, 1 young (1024K), 1 survivors (1024K)
 Metaspace       used 81069K, capacity 83882K, committed 84048K, reserved 1122304K
  class space    used 9284K, capacity 10340K, committed 10368K, reserved 1048576K
}
Event: 7673.482 GC heap before
{Heap before GC invocations=46 (full 0):
 garbage-first heap   total 189440K, used 155209K [0x0000000081a00000, 0x0000000100000000)
  region size 1024K, 111 young (113664K), 1 survivors (1024K)
 Metaspace       used 81072K, capacity 83882K, committed 84048K, reserved 1122304K
  class space    used 9284K, capacity 10340K, committed 10368K, reserved 1048576K
}
Event: 7673.486 GC heap after
{Heap after GC invocations=47 (full 0):
 garbage-first heap   total 189440K, used 42482K [0x0000000081a00000, 0x0000000100000000)
  region size 1024K, 1 young (1024K), 1 survivors (1024K)
 Metaspace       used 81072K, capacity 83882K, committed 84048K, reserved 1122304K
  class space    used 9284K, capacity 10340K, committed 10368K, reserved 1048576K
}
Event: 7883.848 GC heap before
{Heap before GC invocations=47 (full 0):
 garbage-first heap   total 189440K, used 155122K [0x0000000081a00000, 0x0000000100000000)
  region size 1024K, 111 young (113664K), 1 survivors (1024K)
 Metaspace       used 81479K, capacity 84306K, committed 84432K, reserved 1124352K
  class space    used 9303K, capacity 10372K, committed 10496K, reserved 1048576K
}
Event: 7883.851 GC heap after
{Heap after GC invocations=48 (full 0):
 garbage-first heap   total 189440K, used 43022K [0x0000000081a00000, 0x0000000100000000)
  region size 1024K, 2 young (2048K), 2 survivors (2048K)
 Metaspace       used 81479K, capacity 84306K, committed 84432K, reserved 1124352K
  class space    used 9303K, capacity 10372K, committed 10496K, reserved 1048576K
}
Event: 8098.069 GC heap before
{Heap before GC invocations=48 (full 0):
 garbage-first heap   total 189440K, used 154638K [0x0000000081a00000, 0x0000000100000000)
  region size 1024K, 111 young (113664K), 2 survivors (2048K)
 Metaspace       used 81848K, capacity 84727K, committed 84944K, reserved 1124352K
  class space    used 9331K, capacity 10417K, committed 10496K, reserved 1048576K
}
Event: 8098.071 GC heap after
{Heap after GC invocations=49 (full 0):
 garbage-first heap   total 189440K, used 43388K [0x0000000081a00000, 0x0000000100000000)
  region size 1024K, 2 young (2048K), 2 survivors (2048K)
 Metaspace       used 81848K, capacity 84727K, committed 84944K, reserved 1124352K
  class space    used 9331K, capacity 10417K, committed 10496K, reserved 1048576K
}

Deoptimization events (20 events):
Event: 8160.109 Thread 0x0000024a29662800 Uncommon trap: trap_request=0xffffff4d fr.pc=0x0000024a171dbbdc relative=0x00000000000001bc
Event: 8160.109 Thread 0x0000024a29662800 Uncommon trap: reason=unstable_if action=reinterpret pc=0x0000024a171dbbdc method=java.lang.String.startsWith(Ljava/lang/String;I)Z @ 46 c2
Event: 8160.109 Thread 0x0000024a29662800 DEOPT PACKING pc=0x0000024a171dbbdc sp=0x0000008ea8efb1a0
Event: 8160.109 Thread 0x0000024a29662800 DEOPT UNPACKING pc=0x0000024a0f5ca1af sp=0x0000008ea8efb0b0 mode 2
Event: 8160.120 Thread 0x0000024a29662800 Uncommon trap: trap_request=0xffffffc6 fr.pc=0x0000024a1792a56c relative=0x000000000000076c
Event: 8160.120 Thread 0x0000024a29662800 Uncommon trap: reason=bimorphic_or_optimized_type_check action=maybe_recompile pc=0x0000024a1792a56c method=org.springframework.web.servlet.mvc.condition.RequestMethodsRequestCondition.getMatchingCondition(Ljavax/servlet/http/HttpServletRequest;)Lorg/spri
Event: 8160.120 Thread 0x0000024a29662800 DEOPT PACKING pc=0x0000024a1792a56c sp=0x0000008ea8efadc0
Event: 8160.120 Thread 0x0000024a29662800 DEOPT UNPACKING pc=0x0000024a0f5ca1af sp=0x0000008ea8efad68 mode 2
Event: 8197.548 Thread 0x0000024a29663800 Uncommon trap: trap_request=0xffffffc6 fr.pc=0x0000024a1792a56c relative=0x000000000000076c
Event: 8197.548 Thread 0x0000024a29663800 Uncommon trap: reason=bimorphic_or_optimized_type_check action=maybe_recompile pc=0x0000024a1792a56c method=org.springframework.web.servlet.mvc.condition.RequestMethodsRequestCondition.getMatchingCondition(Ljavax/servlet/http/HttpServletRequest;)Lorg/spri
Event: 8197.548 Thread 0x0000024a29663800 DEOPT PACKING pc=0x0000024a1792a56c sp=0x0000008ea91fade0
Event: 8197.548 Thread 0x0000024a29663800 DEOPT UNPACKING pc=0x0000024a0f5ca1af sp=0x0000008ea91fad88 mode 2
Event: 8197.548 Thread 0x0000024a29663800 Uncommon trap: trap_request=0xffffffc6 fr.pc=0x0000024a1792a56c relative=0x000000000000076c
Event: 8197.548 Thread 0x0000024a29663800 Uncommon trap: reason=bimorphic_or_optimized_type_check action=maybe_recompile pc=0x0000024a1792a56c method=org.springframework.web.servlet.mvc.condition.RequestMethodsRequestCondition.getMatchingCondition(Ljavax/servlet/http/HttpServletRequest;)Lorg/spri
Event: 8197.548 Thread 0x0000024a29663800 DEOPT PACKING pc=0x0000024a1792a56c sp=0x0000008ea91fade0
Event: 8197.548 Thread 0x0000024a29663800 DEOPT UNPACKING pc=0x0000024a0f5ca1af sp=0x0000008ea91fad88 mode 2
Event: 8197.548 Thread 0x0000024a29663800 Uncommon trap: trap_request=0xffffffc6 fr.pc=0x0000024a1792a56c relative=0x000000000000076c
Event: 8197.548 Thread 0x0000024a29663800 Uncommon trap: reason=bimorphic_or_optimized_type_check action=maybe_recompile pc=0x0000024a1792a56c method=org.springframework.web.servlet.mvc.condition.RequestMethodsRequestCondition.getMatchingCondition(Ljavax/servlet/http/HttpServletRequest;)Lorg/spri
Event: 8197.548 Thread 0x0000024a29663800 DEOPT PACKING pc=0x0000024a1792a56c sp=0x0000008ea91fade0
Event: 8197.548 Thread 0x0000024a29663800 DEOPT UNPACKING pc=0x0000024a0f5ca1af sp=0x0000008ea91fad88 mode 2

Classes redefined (0 events):
No events

Internal exceptions (20 events):
Event: 7678.782 Thread 0x0000024a29662800 Exception <a 'java/lang/ClassNotFoundException'{0x000000008cb07ef8}: LacunaMatata/Lacuna/dto/request/admin/usermanage/ReqGetUserListDtoCustomizer> (0x000000008cb07ef8) thrown at [s\src\hotspot\share\classfile\systemDictionary.cpp, line 230]
Event: 7695.545 Thread 0x0000024a29661000 Implicit null exception at 0x0000024a175814e0 to 0x0000024a17581f00
Event: 7695.545 Thread 0x0000024a29661000 Implicit null exception at 0x0000024a1755a54e to 0x0000024a1755abec
Event: 8022.646 Thread 0x0000024a29661000 Exception <a 'java/lang/ClassNotFoundException'{0x00000000890330d8}: java/lang/ObjectCustomizer> (0x00000000890330d8) thrown at [s\src\hotspot\share\classfile\systemDictionary.cpp, line 230]
Event: 8022.647 Thread 0x0000024a2965e000 Exception <a 'java/lang/ClassNotFoundException'{0x0000000089021488}: java/lang/ObjectCustomizer> (0x0000000089021488) thrown at [s\src\hotspot\share\classfile\systemDictionary.cpp, line 230]
Event: 8022.650 Thread 0x0000024a29661000 Exception <a 'java/lang/ClassNotFoundException'{0x0000000089065ef0}: LacunaMatata/Lacuna/dto/request/admin/statistic/ReqGetStatisticCountsDtoCustomizer> (0x0000000089065ef0) thrown at [s\src\hotspot\share\classfile\systemDictionary.cpp, line 230]
Event: 8022.650 Thread 0x0000024a2965e000 Exception <a 'java/lang/ClassNotFoundException'{0x0000000089057828}: LacunaMatata/Lacuna/dto/request/admin/statistic/ReqGetUseCountDtoCustomizer> (0x0000000089057828) thrown at [s\src\hotspot\share\classfile\systemDictionary.cpp, line 230]
Event: 8022.689 Thread 0x0000024a29661000 Implicit null exception at 0x0000024a1724bac6 to 0x0000024a1724be3c
Event: 8027.737 Thread 0x0000024a2965e800 Exception <a 'java/lang/ClassNotFoundException'{0x0000000088d83b58}: java/lang/ObjectCustomizer> (0x0000000088d83b58) thrown at [s\src\hotspot\share\classfile\systemDictionary.cpp, line 230]
Event: 8027.740 Thread 0x0000024a2965e800 Exception <a 'java/lang/ClassNotFoundException'{0x0000000088d9fd48}: LacunaMatata/Lacuna/dto/request/admin/product/ReqGetProductListDtoCustomizer> (0x0000000088d9fd48) thrown at [s\src\hotspot\share\classfile\systemDictionary.cpp, line 230]
Event: 8031.868 Thread 0x0000024a2965f800 Exception <a 'java/lang/ClassNotFoundException'{0x00000000888f0968}: java/lang/ObjectCustomizer> (0x00000000888f0968) thrown at [s\src\hotspot\share\classfile\systemDictionary.cpp, line 230]
Event: 8031.870 Thread 0x0000024a2965f800 Exception <a 'java/lang/ClassNotFoundException'{0x000000008870d410}: LacunaMatata/Lacuna/dto/request/admin/mbti/ReqGetMbtiQuestionListDtoCustomizer> (0x000000008870d410) thrown at [s\src\hotspot\share\classfile\systemDictionary.cpp, line 230]
Event: 8032.823 Thread 0x0000024a2ab7b000 Exception <a 'java/lang/ClassNotFoundException'{0x00000000886be958}: java/lang/ObjectCustomizer> (0x00000000886be958) thrown at [s\src\hotspot\share\classfile\systemDictionary.cpp, line 230]
Event: 8032.827 Thread 0x0000024a2ab7b000 Exception <a 'java/lang/ClassNotFoundException'{0x00000000886d9cb8}: LacunaMatata/Lacuna/dto/request/admin/mbti/ReqGetMbtiResultDtoCustomizer> (0x00000000886d9cb8) thrown at [s\src\hotspot\share\classfile\systemDictionary.cpp, line 230]
Event: 8036.140 Thread 0x0000024a2965e000 Exception <a 'java/lang/ClassNotFoundException'{0x000000008815dfc0}: java/lang/ObjectCustomizer> (0x000000008815dfc0) thrown at [s\src\hotspot\share\classfile\systemDictionary.cpp, line 230]
Event: 8036.147 Thread 0x0000024a2965e000 Exception <a 'java/lang/ClassNotFoundException'{0x000000008817b7e8}: LacunaMatata/Lacuna/dto/request/admin/Consulting/ReqGetConsultingServeyDtoCustomizer> (0x000000008817b7e8) thrown at [s\src\hotspot\share\classfile\systemDictionary.cpp, line 230]
Event: 8160.130 Thread 0x0000024a29662800 Exception <a 'java/lang/ClassNotFoundException'{0x000000008be32d90}: java/lang/ObjectCustomizer> (0x000000008be32d90) thrown at [s\src\hotspot\share\classfile\systemDictionary.cpp, line 230]
Event: 8160.134 Thread 0x0000024a29662800 Exception <a 'java/lang/ClassNotFoundException'{0x000000008be52090}: LacunaMatata/Lacuna/dto/request/admin/Consulting/ReqRegistUpperConsultingCategoryDtoCustomizer> (0x000000008be52090) thrown at [s\src\hotspot\share\classfile\systemDictionary.cpp, line 230]
Event: 8197.552 Thread 0x0000024a29663800 Exception <a 'java/lang/ClassNotFoundException'{0x000000008ad55318}: java/lang/ObjectCustomizer> (0x000000008ad55318) thrown at [s\src\hotspot\share\classfile\systemDictionary.cpp, line 230]
Event: 8197.555 Thread 0x0000024a29663800 Exception <a 'java/lang/ClassNotFoundException'{0x000000008ad74078}: LacunaMatata/Lacuna/dto/request/admin/Consulting/ReqModifyUpperConsulingCategoryDtoCustomizer> (0x000000008ad74078) thrown at [s\src\hotspot\share\classfile\systemDictionary.cpp, line 230]

Events (20 events):
Event: 8234.657 Executing VM operation: RevokeBias
Event: 8234.657 Executing VM operation: RevokeBias done
Event: 8235.824 Executing VM operation: RevokeBias
Event: 8235.825 Executing VM operation: RevokeBias done
Event: 8237.621 Executing VM operation: RevokeBias
Event: 8237.621 Executing VM operation: RevokeBias done
Event: 8244.664 Executing VM operation: RevokeBias
Event: 8244.664 Executing VM operation: RevokeBias done
Event: 8264.453 Executing VM operation: RevokeBias
Event: 8264.453 Executing VM operation: RevokeBias done
Event: 8274.675 Executing VM operation: RevokeBias
Event: 8274.675 Executing VM operation: RevokeBias done
Event: 8291.739 Executing VM operation: RevokeBias
Event: 8291.739 Executing VM operation: RevokeBias done
Event: 8294.681 Executing VM operation: RevokeBias
Event: 8294.681 Executing VM operation: RevokeBias done
Event: 8311.597 Executing VM operation: RevokeBias
Event: 8311.597 Executing VM operation: RevokeBias done
Event: 8314.865 Executing VM operation: BulkRevokeBias
Event: 8314.865 Executing VM operation: BulkRevokeBias done


Dynamic libraries:
0x00007ff73c680000 - 0x00007ff73c68e000 	C:\Users\USER\.jdks\corretto-11.0.24\bin\java.exe
0x00007ff8db390000 - 0x00007ff8db5a7000 	C:\WINDOWS\SYSTEM32\ntdll.dll
0x00007ff8d9880000 - 0x00007ff8d9944000 	C:\WINDOWS\System32\KERNEL32.DLL
0x00007ff8d8bb0000 - 0x00007ff8d8f6a000 	C:\WINDOWS\System32\KERNELBASE.dll
0x00007ff8d8f70000 - 0x00007ff8d9081000 	C:\WINDOWS\System32\ucrtbase.dll
0x00007ff8d25f0000 - 0x00007ff8d2607000 	C:\Users\USER\.jdks\corretto-11.0.24\bin\jli.dll
0x00007ff8d96d0000 - 0x00007ff8d987e000 	C:\WINDOWS\System32\USER32.dll
0x00007ff8d8ac0000 - 0x00007ff8d8ae6000 	C:\WINDOWS\System32\win32u.dll
0x00007ff8da7f0000 - 0x00007ff8da819000 	C:\WINDOWS\System32\GDI32.dll
0x00007ff8d89a0000 - 0x00007ff8d8abb000 	C:\WINDOWS\System32\gdi32full.dll
0x00007ff8d88d0000 - 0x00007ff8d896a000 	C:\WINDOWS\System32\msvcp_win.dll
0x00007ff8d25d0000 - 0x00007ff8d25eb000 	C:\Users\USER\.jdks\corretto-11.0.24\bin\VCRUNTIME140.dll
0x00007ff8c6050000 - 0x00007ff8c62e2000 	C:\WINDOWS\WinSxS\amd64_microsoft.windows.common-controls_6595b64144ccf1df_6.0.22621.4541_none_2710d1c57384c085\COMCTL32.dll
0x00007ff8daef0000 - 0x00007ff8daf97000 	C:\WINDOWS\System32\msvcrt.dll
0x00007ff8d9590000 - 0x00007ff8d95c1000 	C:\WINDOWS\System32\IMM32.DLL
0x00007ff8cea80000 - 0x00007ff8cea8c000 	C:\Users\USER\.jdks\corretto-11.0.24\bin\vcruntime140_1.dll
0x00007ff8b0a00000 - 0x00007ff8b0a8d000 	C:\Users\USER\.jdks\corretto-11.0.24\bin\msvcp140.dll
0x00007ff8465b0000 - 0x00007ff847175000 	C:\Users\USER\.jdks\corretto-11.0.24\bin\server\jvm.dll
0x00007ff8da9f0000 - 0x00007ff8daaa2000 	C:\WINDOWS\System32\ADVAPI32.dll
0x00007ff8d95d0000 - 0x00007ff8d9677000 	C:\WINDOWS\System32\sechost.dll
0x00007ff8d8970000 - 0x00007ff8d8998000 	C:\WINDOWS\System32\bcrypt.dll
0x00007ff8dafa0000 - 0x00007ff8db0b4000 	C:\WINDOWS\System32\RPCRT4.dll
0x00007ff8db0d0000 - 0x00007ff8db0d8000 	C:\WINDOWS\System32\PSAPI.DLL
0x00007ff8d1ce0000 - 0x00007ff8d1d14000 	C:\WINDOWS\SYSTEM32\WINMM.dll
0x00007ff8d48b0000 - 0x00007ff8d48b9000 	C:\WINDOWS\SYSTEM32\WSOCK32.dll
0x00007ff8d9090000 - 0x00007ff8d9101000 	C:\WINDOWS\System32\WS2_32.dll
0x00007ff8cfb40000 - 0x00007ff8cfb4a000 	C:\WINDOWS\SYSTEM32\VERSION.dll
0x00007ff8d76a0000 - 0x00007ff8d76b8000 	C:\WINDOWS\SYSTEM32\kernel.appcore.dll
0x00007ff8ce880000 - 0x00007ff8ce890000 	C:\Users\USER\.jdks\corretto-11.0.24\bin\verify.dll
0x00007ff8d6130000 - 0x00007ff8d6362000 	C:\WINDOWS\SYSTEM32\DBGHELP.DLL
0x00007ff8d9a30000 - 0x00007ff8d9dbf000 	C:\WINDOWS\System32\combase.dll
0x00007ff8d9950000 - 0x00007ff8d9a27000 	C:\WINDOWS\System32\OLEAUT32.dll
0x00007ff8beeb0000 - 0x00007ff8beee2000 	C:\WINDOWS\SYSTEM32\dbgcore.DLL
0x00007ff8d8660000 - 0x00007ff8d86db000 	C:\WINDOWS\System32\bcryptPrimitives.dll
0x00007ff8c4490000 - 0x00007ff8c44b8000 	C:\Users\USER\.jdks\corretto-11.0.24\bin\java.dll
0x00007ff8ce6b0000 - 0x00007ff8ce6ba000 	C:\Users\USER\.jdks\corretto-11.0.24\bin\jimage.dll
0x00007ff8c4480000 - 0x00007ff8c448e000 	C:\Users\USER\.jdks\corretto-11.0.24\bin\instrument.dll
0x00007ff8c4360000 - 0x00007ff8c4378000 	C:\Users\USER\.jdks\corretto-11.0.24\bin\zip.dll
0x00007ff8d9f70000 - 0x00007ff8da7e8000 	C:\WINDOWS\System32\SHELL32.dll
0x00007ff8d65a0000 - 0x00007ff8d6ea8000 	C:\WINDOWS\SYSTEM32\windows.storage.dll
0x00007ff8d6460000 - 0x00007ff8d659f000 	C:\WINDOWS\SYSTEM32\wintypes.dll
0x00007ff8dac80000 - 0x00007ff8dad7a000 	C:\WINDOWS\System32\SHCORE.dll
0x00007ff8db0e0000 - 0x00007ff8db13e000 	C:\WINDOWS\System32\shlwapi.dll
0x00007ff8d8590000 - 0x00007ff8d85bb000 	C:\WINDOWS\SYSTEM32\profapi.dll
0x00007ff8bf020000 - 0x00007ff8bf039000 	C:\Users\USER\.jdks\corretto-11.0.24\bin\net.dll
0x00007ff8d1970000 - 0x00007ff8d1aa6000 	C:\WINDOWS\SYSTEM32\WINHTTP.dll
0x00007ff8d7b20000 - 0x00007ff8d7b89000 	C:\WINDOWS\system32\mswsock.dll
0x00007ff8bf000000 - 0x00007ff8bf012000 	C:\Users\USER\.jdks\corretto-11.0.24\bin\nio.dll
0x00007ff8bef20000 - 0x00007ff8bef3a000 	C:\Program Files\JetBrains\IntelliJ IDEA Community Edition 2024.1.3\bin\breakgen64.dll
0x00007ff8c4350000 - 0x00007ff8c4359000 	C:\Users\USER\.jdks\corretto-11.0.24\bin\management.dll
0x00007ff8beff0000 - 0x00007ff8beffb000 	C:\Users\USER\.jdks\corretto-11.0.24\bin\management_ext.dll
0x00007ff8b6900000 - 0x00007ff8b6917000 	C:\WINDOWS\system32\napinsp.dll
0x00007ff8b6860000 - 0x00007ff8b687b000 	C:\WINDOWS\system32\pnrpnsp.dll
0x00007ff8d71d0000 - 0x00007ff8d72d2000 	C:\WINDOWS\SYSTEM32\DNSAPI.dll
0x00007ff8d7150000 - 0x00007ff8d717d000 	C:\WINDOWS\SYSTEM32\IPHLPAPI.DLL
0x00007ff8da960000 - 0x00007ff8da969000 	C:\WINDOWS\System32\NSI.dll
0x00007ff8b6840000 - 0x00007ff8b6851000 	C:\WINDOWS\System32\winrnr.dll
0x00007ff8b6820000 - 0x00007ff8b6835000 	C:\WINDOWS\system32\wshbth.dll
0x00007ff8b6df0000 - 0x00007ff8b6e17000 	C:\WINDOWS\system32\nlansp_c.dll
0x00007ff8c63c0000 - 0x00007ff8c63ca000 	C:\Windows\System32\rasadhlp.dll
0x00007ff8cfc10000 - 0x00007ff8cfc93000 	C:\WINDOWS\System32\fwpuclnt.dll
0x00007ff8d7d70000 - 0x00007ff8d7d8b000 	C:\WINDOWS\SYSTEM32\CRYPTSP.dll
0x00007ff8d7600000 - 0x00007ff8d7635000 	C:\WINDOWS\system32\rsaenh.dll
0x00007ff8d7c10000 - 0x00007ff8d7c38000 	C:\WINDOWS\SYSTEM32\USERENV.dll
0x00007ff8d7d90000 - 0x00007ff8d7d9c000 	C:\WINDOWS\SYSTEM32\CRYPTBASE.dll
0x00007ff8d1680000 - 0x00007ff8d1699000 	C:\WINDOWS\SYSTEM32\dhcpcsvc6.DLL
0x00007ff8d1660000 - 0x00007ff8d167f000 	C:\WINDOWS\SYSTEM32\dhcpcsvc.DLL
0x00007ff8bd800000 - 0x00007ff8bd827000 	C:\Users\USER\.jdks\corretto-11.0.24\bin\sunec.dll
0x00007ff8befe0000 - 0x00007ff8befee000 	C:\Users\USER\.jdks\corretto-11.0.24\bin\sunmscapi.dll
0x00007ff8d86e0000 - 0x00007ff8d8846000 	C:\WINDOWS\System32\CRYPT32.dll
0x00007ff8d7f30000 - 0x00007ff8d7f5d000 	C:\WINDOWS\SYSTEM32\ncrypt.dll
0x00007ff8d7ef0000 - 0x00007ff8d7f27000 	C:\WINDOWS\SYSTEM32\NTASN1.dll

dbghelp: loaded successfully - version: 4.0.5 - missing functions: none
symbol engine: initialized successfully - sym options: 0x614 - pdb path: .;C:\Users\USER\.jdks\corretto-11.0.24\bin;C:\WINDOWS\SYSTEM32;C:\WINDOWS\WinSxS\amd64_microsoft.windows.common-controls_6595b64144ccf1df_6.0.22621.4541_none_2710d1c57384c085;C:\Users\USER\.jdks\corretto-11.0.24\bin\server;C:\Program Files\JetBrains\IntelliJ IDEA Community Edition 2024.1.3\bin

VM Arguments:
jvm_args: -javaagent:C:\Program Files\JetBrains\IntelliJ IDEA Community Edition 2024.1.3\lib\idea_rt.jar=59909:C:\Program Files\JetBrains\IntelliJ IDEA Community Edition 2024.1.3\bin -Dfile.encoding=UTF-8 
java_command: LacunaMatata.Lacuna.LacunaApplication
java_class_path (initial): C:\sqf\project\Lacuna\Lacuna_back\target\classes;C:\Users\USER\.m2\repository\org\springframework\boot\spring-boot-starter-oauth2-client\2.6.6\spring-boot-starter-oauth2-client-2.6.6.jar;C:\Users\USER\.m2\repository\org\springframework\boot\spring-boot-starter\2.6.6\spring-boot-starter-2.6.6.jar;C:\Users\USER\.m2\repository\org\springframework\boot\spring-boot-starter-logging\2.6.6\spring-boot-starter-logging-2.6.6.jar;C:\Users\USER\.m2\repository\ch\qos\logback\logback-classic\1.2.11\logback-classic-1.2.11.jar;C:\Users\USER\.m2\repository\ch\qos\logback\logback-core\1.2.11\logback-core-1.2.11.jar;C:\Users\USER\.m2\repository\org\apache\logging\log4j\log4j-to-slf4j\2.17.2\log4j-to-slf4j-2.17.2.jar;C:\Users\USER\.m2\repository\org\apache\logging\log4j\log4j-api\2.17.2\log4j-api-2.17.2.jar;C:\Users\USER\.m2\repository\org\slf4j\jul-to-slf4j\1.7.36\jul-to-slf4j-1.7.36.jar;C:\Users\USER\.m2\repository\jakarta\annotation\jakarta.annotation-api\1.3.5\jakarta.annotation-api-1.3.5.jar;C:\Users\USER\.m2\repository\org\yaml\snakeyaml\1.29\snakeyaml-1.29.jar;C:\Users\USER\.m2\repository\org\springframework\security\spring-security-config\5.6.2\spring-security-config-5.6.2.jar;C:\Users\USER\.m2\repository\org\springframework\spring-beans\5.3.18\spring-beans-5.3.18.jar;C:\Users\USER\.m2\repository\org\springframework\spring-context\5.3.18\spring-context-5.3.18.jar;C:\Users\USER\.m2\repository\org\springframework\security\spring-security-core\5.6.2\spring-security-core-5.6.2.jar;C:\Users\USER\.m2\repository\org\springframework\security\spring-security-crypto\5.6.2\spring-security-crypto-5.6.2.jar;C:\Users\USER\.m2\repository\org\springframework\spring-expression\5.3.18\spring-expression-5.3.18.jar;C:\Users\USER\.m2\repository\org\springframework\security\spring-security-oauth2-client\5.6.2\spring-security-oauth2-client-5.6.2.jar;C:\Users\USER\.m2\repository\org\springframework\security\spring-security-oauth2-core\5.6.2\spring-security-oauth2-core-5.6.
Launcher Type: SUN_STANDARD

[Global flags]
     intx CICompilerCount                          = 3                                         {product} {ergonomic}
     uint ConcGCThreads                            = 1                                         {product} {ergonomic}
     uint G1ConcRefinementThreads                  = 4                                         {product} {ergonomic}
   size_t G1HeapRegionSize                         = 1048576                                   {product} {ergonomic}
    uintx GCDrainStackTargetSize                   = 64                                        {product} {ergonomic}
   size_t InitialHeapSize                          = 134217728                                 {product} {ergonomic}
   size_t MarkStackSize                            = 4194304                                   {product} {ergonomic}
   size_t MaxHeapSize                              = 2120220672                                {product} {ergonomic}
   size_t MaxNewSize                               = 1271922688                                {product} {ergonomic}
   size_t MinHeapDeltaBytes                        = 1048576                                   {product} {ergonomic}
    uintx NonNMethodCodeHeapSize                   = 5830732                                {pd product} {ergonomic}
    uintx NonProfiledCodeHeapSize                  = 122913754                              {pd product} {ergonomic}
    uintx ProfiledCodeHeapSize                     = 122913754                              {pd product} {ergonomic}
    uintx ReservedCodeCacheSize                    = 251658240                              {pd product} {ergonomic}
     bool SegmentedCodeCache                       = true                                      {product} {ergonomic}
     bool UseCompressedClassPointers               = true                                 {lp64_product} {ergonomic}
     bool UseCompressedOops                        = true                                 {lp64_product} {ergonomic}
     bool UseG1GC                                  = true                                      {product} {ergonomic}
     bool UseLargePagesIndividualAllocation        = false                                  {pd product} {ergonomic}

Logging:
Log output configuration:
 #0: stdout all=warning uptime,level,tags
 #1: stderr all=off uptime,level,tags

Environment Variables:
JAVA_HOME=C:/Users/USER/corretto/jdk11.0.9_11
PATH=C:\Program Files\Common Files\Oracle\Java\javapath;C:\Program Files\Java\jdk-21\bin;C:\Program Files (x86)\NAT Service;C:\WINDOWS\system32;C:\WINDOWS;C:\WINDOWS\System32\Wbem;C:\WINDOWS\System32\WindowsPowerShell\v1.0\;C:\WINDOWS\System32\OpenSSH\;C:\Program Files (x86)\Intel\Intel(R) Management Engine Components\DAL;C:\Program Files\Intel\Intel(R) Management Engine Components\DAL;C:\Program Files\Bandizip\;C:\Program Files\Java\jdk-21\bin;C:\Program Files\Git\cmd;C:\Program Files\nodejs\;C:\ProgramData\chocolatey\bin;C:\Program Files\MySQL\MySQL Shell 8.0\bin\;C:/Users/USER/corretto/jdk11.0.9_11\bin;C:\Program Files (x86)\NAT Service;C:\WINDOWS\system32;C:\WINDOWS;C:\WINDOWS\System32\Wbem;C:\WINDOWS\System32\WindowsPowerShell\v1.0\;C:\WINDOWS\System32\OpenSSH\;C:\Program Files (x86)\Intel\Intel(R) Management Engine Components\DAL;C:\Program Files\Intel\Intel(R) Management Engine Components\DAL;C:\Users\USER\AppData\Local\Microsoft\WindowsApps;C:\Users\USER\AppData\Local\Microsoft\WindowsApps;C:\Users\USER\anaconda3\Graphviz\bin;C:\Users\USER\AppData\Local\afreeca;C:\Users\USER\AppData\Roaming\npm;C:\Users\USER\AppData\Local\SOOP;C:\Users\USER\AppData\Local\Programs\Microsoft VS Code\bin
USERNAME=USER
OS=Windows_NT
PROCESSOR_IDENTIFIER=Intel64 Family 6 Model 142 Stepping 11, GenuineIntel
TMP=C:\Users\USER\AppData\Local\Temp
TEMP=C:\Users\USER\AppData\Local\Temp



---------------  S Y S T E M  ---------------

OS: Windows 11 , 64 bit Build 22621 (10.0.22621.4391)
OS uptime: 0 days 20:04 hours

CPU:total 4 (initial active 4) (2 cores per cpu, 2 threads per core) family 6 model 142 stepping 11 microcode 0xde, cmov, cx8, fxsr, mmx, sse, sse2, sse3, ssse3, sse4.1, sse4.2, popcnt, avx, avx2, aes, clmul, erms, 3dnowpref, lzcnt, ht, tsc, tscinvbit, bmi1, bmi2, adx, fma

Memory: 4k page, system-wide physical 8085M (511M free)
TotalPageFile size 16277M (AvailPageFile size 2M)
current process WorkingSet (physical memory assigned to process): 298M, peak: 397M
current process commit charge ("private bytes"): 454M, peak: 457M

vm_info: OpenJDK 64-Bit Server VM (11.0.24+8-LTS) for windows-amd64 JRE (11.0.24+8-LTS), built on Jul  9 2024 22:03:43 by "Administrator" with MS VC++ 16.10 / 16.11 (VS2019)

END.
