#
# There is insufficient memory for the Java Runtime Environment to continue.
# Native memory allocation (malloc) failed to allocate 1039536 bytes for Chunk::new
# Possible reasons:
#   The system is out of physical RAM or swap space
#   The process is running with CompressedOops enabled, and the Java Heap may be blocking the growth of the native heap
# Possible solutions:
#   Reduce memory load on the system
#   Increase physical memory or swap space
#   Check if swap backing store is full
#   Decrease Java heap size (-Xmx/-Xms)
#   Decrease number of Java threads
#   Decrease Java thread stack sizes (-Xss)
#   Set larger code cache with -XX:ReservedCodeCacheSize=
#   JVM is running with Unscaled Compressed Oops mode in which the Java heap is
#     placed in the first 4GB address space. The Java Heap base address is the
#     maximum limit for the native heap growth. Please use -XX:HeapBaseMinAddress
#     to set the Java Heap base and to place the Java Heap above 4GB virtual address.
# This output file may be truncated or incomplete.
#
#  Out of Memory Error (arena.cpp:197), pid=8392, tid=17776
#
# JRE version: OpenJDK Runtime Environment Corretto-11.0.24.8.1 (11.0.24+8) (build 11.0.24+8-LTS)
# Java VM: OpenJDK 64-Bit Server VM Corretto-11.0.24.8.1 (11.0.24+8-LTS, mixed mode, tiered, compressed oops, g1 gc, windows-amd64)
# No core dump will be written. Minidumps are not enabled by default on client versions of Windows
#

---------------  S U M M A R Y ------------

Command Line: -javaagent:C:\Program Files\JetBrains\IntelliJ IDEA Community Edition 2024.1.3\lib\idea_rt.jar=61394:C:\Program Files\JetBrains\IntelliJ IDEA Community Edition 2024.1.3\bin -Dfile.encoding=UTF-8 LacunaMatata.Lacuna.LacunaApplication

Host: Intel(R) Core(TM) i3-8145U CPU @ 2.10GHz, 4 cores, 7G,  Windows 11 , 64 bit Build 22621 (10.0.22621.4391)
Time: Wed Jan 15 18:54:58 2025  Windows 11 , 64 bit Build 22621 (10.0.22621.4391) elapsed time: 55.300745 seconds (0d 0h 0m 55s)

---------------  T H R E A D  ---------------

Current thread (0x000002844239d000):  JavaThread "C2 CompilerThread0" daemon [_thread_in_native, id=17776, stack(0x0000009392a00000,0x0000009392b00000)]


Current CompileTask:
C2:  55301 9491       4       org.springframework.core.ResolvableType::<init> (39 bytes)

Stack: [0x0000009392a00000,0x0000009392b00000]
Native frames: (J=compiled Java code, j=interpreted, Vv=VM code, C=native code)
V  [jvm.dll+0x6461fa]
V  [jvm.dll+0x7da769]
V  [jvm.dll+0x7dbe69]
V  [jvm.dll+0x7dc553]
V  [jvm.dll+0x269b55]
V  [jvm.dll+0xc215c]
V  [jvm.dll+0xc270c]
V  [jvm.dll+0x2dbf12]
V  [jvm.dll+0x55111b]
V  [jvm.dll+0x2213eb]
V  [jvm.dll+0x2237d5]
V  [jvm.dll+0x220b24]
V  [jvm.dll+0x19e9e1]
V  [jvm.dll+0x230ae9]
V  [jvm.dll+0x22ec5f]
V  [jvm.dll+0x79b991]
V  [jvm.dll+0x794664]
V  [jvm.dll+0x644fb5]
C  [ucrtbase.dll+0x29333]
C  [KERNEL32.DLL+0x1259d]
C  [ntdll.dll+0x5af38]


---------------  P R O C E S S  ---------------

Threads class SMR info:
_java_thread_list=0x00000284462c1120, length=30, elements={
0x0000028441a5e800, 0x0000028441a83000, 0x0000028442397800, 0x0000028442398800,
0x000002844239a000, 0x000002844239d000, 0x00000284423a6000, 0x00000284423cf000,
0x000002844251a800, 0x0000028442a39800, 0x0000028443ad7800, 0x00000284486dc800,
0x0000028447109800, 0x000002844596d000, 0x0000028443966000, 0x0000028443967800,
0x000002844396a000, 0x0000028443966800, 0x0000028443968800, 0x0000028443969000,
0x0000028443964800, 0x0000028443965000, 0x00000284435d9000, 0x00000284435d6800,
0x00000284435da000, 0x00000284435d7800, 0x00000284435d4000, 0x00000284435da800,
0x00000284435d8800, 0x00000284435d6000
}

Java Threads: ( => current thread )
  0x0000028441a5e800 JavaThread "Reference Handler" daemon [_thread_blocked, id=17532, stack(0x0000009392500000,0x0000009392600000)]
  0x0000028441a83000 JavaThread "Finalizer" daemon [_thread_blocked, id=19996, stack(0x0000009392600000,0x0000009392700000)]
  0x0000028442397800 JavaThread "Signal Dispatcher" daemon [_thread_blocked, id=10020, stack(0x0000009392700000,0x0000009392800000)]
  0x0000028442398800 JavaThread "Attach Listener" daemon [_thread_blocked, id=6488, stack(0x0000009392800000,0x0000009392900000)]
  0x000002844239a000 JavaThread "Service Thread" daemon [_thread_blocked, id=20640, stack(0x0000009392900000,0x0000009392a00000)]
=>0x000002844239d000 JavaThread "C2 CompilerThread0" daemon [_thread_in_native, id=17776, stack(0x0000009392a00000,0x0000009392b00000)]
  0x00000284423a6000 JavaThread "C1 CompilerThread0" daemon [_thread_blocked, id=20400, stack(0x0000009392b00000,0x0000009392c00000)]
  0x00000284423cf000 JavaThread "Sweeper thread" daemon [_thread_blocked, id=13824, stack(0x0000009392c00000,0x0000009392d00000)]
  0x000002844251a800 JavaThread "Common-Cleaner" daemon [_thread_blocked, id=5216, stack(0x0000009392d00000,0x0000009392e00000)]
  0x0000028442a39800 JavaThread "Monitor Ctrl-Break" daemon [_thread_in_native, id=15700, stack(0x0000009392e00000,0x0000009392f00000)]
  0x0000028443ad7800 JavaThread "mysql-cj-abandoned-connection-cleanup" daemon [_thread_blocked, id=21424, stack(0x0000009393500000,0x0000009393600000)]
  0x00000284486dc800 JavaThread "Catalina-utility-1" [_thread_blocked, id=16264, stack(0x0000009393600000,0x0000009393700000)]
  0x0000028447109800 JavaThread "Catalina-utility-2" [_thread_blocked, id=13088, stack(0x0000009393700000,0x0000009393800000)]
  0x000002844596d000 JavaThread "container-0" [_thread_blocked, id=4644, stack(0x0000009393800000,0x0000009393900000)]
  0x0000028443966000 JavaThread "Live Reload Server" daemon [_thread_in_native, id=20716, stack(0x0000009393a00000,0x0000009393b00000)]
  0x0000028443967800 JavaThread "File Watcher" daemon [_thread_in_native, id=14852, stack(0x0000009393900000,0x0000009393a00000)]
  0x000002844396a000 JavaThread "http-nio-8080-exec-1" daemon [_thread_blocked, id=20280, stack(0x0000009393b00000,0x0000009393c00000)]
  0x0000028443966800 JavaThread "http-nio-8080-exec-2" daemon [_thread_blocked, id=19796, stack(0x0000009393c00000,0x0000009393d00000)]
  0x0000028443968800 JavaThread "http-nio-8080-exec-3" daemon [_thread_blocked, id=1532, stack(0x0000009393d00000,0x0000009393e00000)]
  0x0000028443969000 JavaThread "http-nio-8080-exec-4" daemon [_thread_blocked, id=16196, stack(0x0000009393e00000,0x0000009393f00000)]
  0x0000028443964800 JavaThread "http-nio-8080-exec-5" daemon [_thread_blocked, id=20004, stack(0x0000009393f00000,0x0000009394000000)]
  0x0000028443965000 JavaThread "http-nio-8080-exec-6" daemon [_thread_blocked, id=16780, stack(0x0000009394000000,0x0000009394100000)]
  0x00000284435d9000 JavaThread "http-nio-8080-exec-7" daemon [_thread_blocked, id=17276, stack(0x0000009394100000,0x0000009394200000)]
  0x00000284435d6800 JavaThread "http-nio-8080-exec-8" daemon [_thread_blocked, id=8400, stack(0x0000009394200000,0x0000009394300000)]
  0x00000284435da000 JavaThread "http-nio-8080-exec-9" daemon [_thread_blocked, id=1332, stack(0x0000009394300000,0x0000009394400000)]
  0x00000284435d7800 JavaThread "http-nio-8080-exec-10" daemon [_thread_blocked, id=16656, stack(0x0000009394400000,0x0000009394500000)]
  0x00000284435d4000 JavaThread "http-nio-8080-Poller" daemon [_thread_in_native, id=13300, stack(0x0000009394500000,0x0000009394600000)]
  0x00000284435da800 JavaThread "http-nio-8080-Acceptor" daemon [_thread_in_native, id=4512, stack(0x0000009394600000,0x0000009394700000)]
  0x00000284435d8800 JavaThread "DestroyJavaVM" [_thread_blocked, id=18724, stack(0x0000009391e00000,0x0000009391f00000)]
  0x00000284435d6000 JavaThread "HikariPool-1 housekeeper" daemon [_thread_blocked, id=9004, stack(0x0000009393300000,0x0000009393400000)]

Other Threads:
  0x0000028441a5d000 VMThread "VM Thread" [stack: 0x0000009392400000,0x0000009392500000] [id=20652]
  0x0000028442a3a000 WatcherThread [stack: 0x0000009392f00000,0x0000009393000000] [id=10336]
  0x00000284232bf800 GCTaskThread "GC Thread#0" [stack: 0x0000009391f00000,0x0000009392000000] [id=19336]
  0x0000028442c57800 GCTaskThread "GC Thread#1" [stack: 0x0000009393100000,0x0000009393200000] [id=21324]
  0x0000028442d92800 GCTaskThread "GC Thread#2" [stack: 0x0000009393200000,0x0000009393300000] [id=6096]
  0x0000028442e59800 GCTaskThread "GC Thread#3" [stack: 0x0000009393400000,0x0000009393500000] [id=17296]
  0x00000284232ee000 ConcurrentGCThread "G1 Main Marker" [stack: 0x0000009392000000,0x0000009392100000] [id=18780]
  0x00000284232ef800 ConcurrentGCThread "G1 Conc#0" [stack: 0x0000009392100000,0x0000009392200000] [id=9396]
  0x000002842335d800 ConcurrentGCThread "G1 Refine#0" [stack: 0x0000009392200000,0x0000009392300000] [id=18628]
  0x000002842335e800 ConcurrentGCThread "G1 Young RemSet Sampling" [stack: 0x0000009392300000,0x0000009392400000] [id=15108]

Threads with active compile tasks:
C2 CompilerThread0    55416 9491       4       org.springframework.core.ResolvableType::<init> (39 bytes)

VM state:not at safepoint (normal execution)

VM Mutex/Monitor currently owned by a thread: None

Heap address: 0x0000000081a00000, size: 2022 MB, Compressed Oops mode: 32-bit
Narrow klass base: 0x0000000000000000, Narrow klass shift: 3
Compressed class space size: 1073741824 Address: 0x0000000100000000

Heap:
 garbage-first heap   total 131072K, used 40449K [0x0000000081a00000, 0x0000000100000000)
  region size 1024K, 9 young (9216K), 7 survivors (7168K)
 Metaspace       used 75389K, capacity 77817K, committed 78000K, reserved 1118208K
  class space    used 8895K, capacity 9875K, committed 9984K, reserved 1048576K
Heap Regions: E=young(eden), S=young(survivor), O=old, HS=humongous(starts), HC=humongous(continues), CS=collection set, F=free, A=archive, TAMS=top-at-mark-start (previous, next)
|   0|0x0000000081a00000, 0x0000000081b00000, 0x0000000081b00000|100%| O|  |TAMS 0x0000000081b00000, 0x0000000081a00000| Untracked 
|   1|0x0000000081b00000, 0x0000000081c00000, 0x0000000081c00000|100%| O|  |TAMS 0x0000000081c00000, 0x0000000081b00000| Untracked 
|   2|0x0000000081c00000, 0x0000000081d00000, 0x0000000081d00000|100%| O|  |TAMS 0x0000000081d00000, 0x0000000081c00000| Untracked 
|   3|0x0000000081d00000, 0x0000000081e00000, 0x0000000081e00000|100%| O|  |TAMS 0x0000000081e00000, 0x0000000081d00000| Untracked 
|   4|0x0000000081e00000, 0x0000000081f00000, 0x0000000081f00000|100%| O|  |TAMS 0x0000000081f00000, 0x0000000081e00000| Untracked 
|   5|0x0000000081f00000, 0x0000000082000000, 0x0000000082000000|100%| O|  |TAMS 0x0000000082000000, 0x0000000081f00000| Untracked 
|   6|0x0000000082000000, 0x0000000082100000, 0x0000000082100000|100%| O|  |TAMS 0x0000000082100000, 0x0000000082000000| Untracked 
|   7|0x0000000082100000, 0x0000000082200000, 0x0000000082200000|100%| O|  |TAMS 0x0000000082200000, 0x0000000082100000| Untracked 
|   8|0x0000000082200000, 0x0000000082300000, 0x0000000082300000|100%| O|  |TAMS 0x0000000082300000, 0x0000000082200000| Untracked 
|   9|0x0000000082300000, 0x0000000082400000, 0x0000000082400000|100%| O|  |TAMS 0x0000000082400000, 0x0000000082300000| Untracked 
|  10|0x0000000082400000, 0x0000000082500000, 0x0000000082500000|100%| O|  |TAMS 0x0000000082500000, 0x0000000082400000| Untracked 
|  11|0x0000000082500000, 0x0000000082600000, 0x0000000082600000|100%| O|  |TAMS 0x0000000082600000, 0x0000000082500000| Untracked 
|  12|0x0000000082600000, 0x0000000082700000, 0x0000000082700000|100%| O|  |TAMS 0x0000000082700000, 0x0000000082600000| Untracked 
|  13|0x0000000082700000, 0x0000000082800000, 0x0000000082800000|100%| O|  |TAMS 0x0000000082800000, 0x0000000082700000| Untracked 
|  14|0x0000000082800000, 0x0000000082900000, 0x0000000082900000|100%| O|  |TAMS 0x0000000082900000, 0x0000000082800000| Untracked 
|  15|0x0000000082900000, 0x0000000082a00000, 0x0000000082a00000|100%| O|  |TAMS 0x0000000082a00000, 0x0000000082900000| Untracked 
|  16|0x0000000082a00000, 0x0000000082b00000, 0x0000000082b00000|100%| O|  |TAMS 0x0000000082b00000, 0x0000000082a00000| Untracked 
|  17|0x0000000082b00000, 0x0000000082c00000, 0x0000000082c00000|100%| O|  |TAMS 0x0000000082c00000, 0x0000000082b00000| Untracked 
|  18|0x0000000082c00000, 0x0000000082d00000, 0x0000000082d00000|100%| O|  |TAMS 0x0000000082d00000, 0x0000000082c00000| Untracked 
|  19|0x0000000082d00000, 0x0000000082e00000, 0x0000000082e00000|100%| O|  |TAMS 0x0000000082e00000, 0x0000000082d00000| Untracked 
|  20|0x0000000082e00000, 0x0000000082f00000, 0x0000000082f00000|100%| O|  |TAMS 0x0000000082f00000, 0x0000000082e00000| Untracked 
|  21|0x0000000082f00000, 0x0000000083000000, 0x0000000083000000|100%| O|  |TAMS 0x0000000083000000, 0x0000000082f00000| Untracked 
|  22|0x0000000083000000, 0x0000000083100000, 0x0000000083100000|100%| O|  |TAMS 0x00000000830ad000, 0x0000000083000000| Untracked 
|  23|0x0000000083100000, 0x0000000083200000, 0x0000000083200000|100%| O|  |TAMS 0x0000000083100000, 0x0000000083100000| Untracked 
|  24|0x0000000083200000, 0x0000000083300000, 0x0000000083300000|100%| O|  |TAMS 0x0000000083200000, 0x0000000083200000| Untracked 
|  25|0x0000000083300000, 0x0000000083400000, 0x0000000083400000|100%| O|  |TAMS 0x0000000083300000, 0x0000000083300000| Untracked 
|  26|0x0000000083400000, 0x0000000083500000, 0x0000000083500000|100%| O|  |TAMS 0x0000000083400000, 0x0000000083400000| Untracked 
|  27|0x0000000083500000, 0x0000000083600000, 0x0000000083600000|100%| O|  |TAMS 0x0000000083500000, 0x0000000083500000| Untracked 
|  28|0x0000000083600000, 0x0000000083700000, 0x0000000083700000|100%| O|  |TAMS 0x0000000083600000, 0x0000000083600000| Untracked 
|  29|0x0000000083700000, 0x0000000083800000, 0x0000000083800000|100%| O|  |TAMS 0x0000000083700000, 0x0000000083700000| Untracked 
|  30|0x0000000083800000, 0x0000000083900000, 0x0000000083900000|100%| O|  |TAMS 0x0000000083800000, 0x0000000083800000| Untracked 
|  31|0x0000000083900000, 0x0000000083980600, 0x0000000083a00000| 50%| O|  |TAMS 0x0000000083900000, 0x0000000083900000| Untracked 
|  32|0x0000000083a00000, 0x0000000083a00000, 0x0000000083b00000|  0%| F|  |TAMS 0x0000000083a00000, 0x0000000083a00000| Untracked 
|  33|0x0000000083b00000, 0x0000000083b00000, 0x0000000083c00000|  0%| F|  |TAMS 0x0000000083b00000, 0x0000000083b00000| Untracked 
|  34|0x0000000083c00000, 0x0000000083c00000, 0x0000000083d00000|  0%| F|  |TAMS 0x0000000083c00000, 0x0000000083c00000| Untracked 
|  35|0x0000000083d00000, 0x0000000083d00000, 0x0000000083e00000|  0%| F|  |TAMS 0x0000000083d00000, 0x0000000083d00000| Untracked 
|  36|0x0000000083e00000, 0x0000000083e00000, 0x0000000083f00000|  0%| F|  |TAMS 0x0000000083e00000, 0x0000000083e00000| Untracked 
|  37|0x0000000083f00000, 0x0000000083f00000, 0x0000000084000000|  0%| F|  |TAMS 0x0000000083f00000, 0x0000000083f00000| Untracked 
|  38|0x0000000084000000, 0x0000000084000000, 0x0000000084100000|  0%| F|  |TAMS 0x0000000084000000, 0x0000000084000000| Untracked 
|  39|0x0000000084100000, 0x0000000084100000, 0x0000000084200000|  0%| F|  |TAMS 0x0000000084100000, 0x0000000084100000| Untracked 
|  40|0x0000000084200000, 0x0000000084200000, 0x0000000084300000|  0%| F|  |TAMS 0x0000000084200000, 0x0000000084200000| Untracked 
|  41|0x0000000084300000, 0x0000000084300000, 0x0000000084400000|  0%| F|  |TAMS 0x0000000084300000, 0x0000000084300000| Untracked 
|  42|0x0000000084400000, 0x0000000084400000, 0x0000000084500000|  0%| F|  |TAMS 0x0000000084400000, 0x0000000084400000| Untracked 
|  43|0x0000000084500000, 0x0000000084500000, 0x0000000084600000|  0%| F|  |TAMS 0x0000000084500000, 0x0000000084500000| Untracked 
|  44|0x0000000084600000, 0x0000000084600000, 0x0000000084700000|  0%| F|  |TAMS 0x0000000084600000, 0x0000000084600000| Untracked 
|  45|0x0000000084700000, 0x0000000084700000, 0x0000000084800000|  0%| F|  |TAMS 0x0000000084700000, 0x0000000084700000| Untracked 
|  46|0x0000000084800000, 0x0000000084800000, 0x0000000084900000|  0%| F|  |TAMS 0x0000000084800000, 0x0000000084800000| Untracked 
|  47|0x0000000084900000, 0x0000000084900000, 0x0000000084a00000|  0%| F|  |TAMS 0x0000000084900000, 0x0000000084900000| Untracked 
|  48|0x0000000084a00000, 0x0000000084a00000, 0x0000000084b00000|  0%| F|  |TAMS 0x0000000084a00000, 0x0000000084a00000| Untracked 
|  49|0x0000000084b00000, 0x0000000084b00000, 0x0000000084c00000|  0%| F|  |TAMS 0x0000000084b00000, 0x0000000084b00000| Untracked 
|  50|0x0000000084c00000, 0x0000000084d00000, 0x0000000084d00000|100%| S|CS|TAMS 0x0000000084c00000, 0x0000000084c00000| Complete 
|  51|0x0000000084d00000, 0x0000000084e00000, 0x0000000084e00000|100%| S|CS|TAMS 0x0000000084d00000, 0x0000000084d00000| Complete 
|  52|0x0000000084e00000, 0x0000000084f00000, 0x0000000084f00000|100%| S|CS|TAMS 0x0000000084e00000, 0x0000000084e00000| Complete 
|  53|0x0000000084f00000, 0x0000000085000000, 0x0000000085000000|100%| S|CS|TAMS 0x0000000084f00000, 0x0000000084f00000| Complete 
|  54|0x0000000085000000, 0x0000000085100000, 0x0000000085100000|100%| S|CS|TAMS 0x0000000085000000, 0x0000000085000000| Complete 
|  55|0x0000000085100000, 0x0000000085200000, 0x0000000085200000|100%| S|CS|TAMS 0x0000000085100000, 0x0000000085100000| Complete 
|  56|0x0000000085200000, 0x0000000085300000, 0x0000000085300000|100%| S|CS|TAMS 0x0000000085200000, 0x0000000085200000| Complete 
|  57|0x0000000085300000, 0x0000000085300000, 0x0000000085400000|  0%| F|  |TAMS 0x0000000085300000, 0x0000000085300000| Untracked 
|  58|0x0000000085400000, 0x0000000085400000, 0x0000000085500000|  0%| F|  |TAMS 0x0000000085400000, 0x0000000085400000| Untracked 
|  59|0x0000000085500000, 0x0000000085500000, 0x0000000085600000|  0%| F|  |TAMS 0x0000000085500000, 0x0000000085500000| Untracked 
|  60|0x0000000085600000, 0x0000000085600000, 0x0000000085700000|  0%| F|  |TAMS 0x0000000085600000, 0x0000000085600000| Untracked 
|  61|0x0000000085700000, 0x0000000085700000, 0x0000000085800000|  0%| F|  |TAMS 0x0000000085700000, 0x0000000085700000| Untracked 
|  62|0x0000000085800000, 0x0000000085800000, 0x0000000085900000|  0%| F|  |TAMS 0x0000000085800000, 0x0000000085800000| Untracked 
|  63|0x0000000085900000, 0x0000000085900000, 0x0000000085a00000|  0%| F|  |TAMS 0x0000000085900000, 0x0000000085900000| Untracked 
|  64|0x0000000085a00000, 0x0000000085a00000, 0x0000000085b00000|  0%| F|  |TAMS 0x0000000085a00000, 0x0000000085a00000| Untracked 
|  65|0x0000000085b00000, 0x0000000085b00000, 0x0000000085c00000|  0%| F|  |TAMS 0x0000000085b00000, 0x0000000085b00000| Untracked 
|  66|0x0000000085c00000, 0x0000000085c00000, 0x0000000085d00000|  0%| F|  |TAMS 0x0000000085c00000, 0x0000000085c00000| Untracked 
|  67|0x0000000085d00000, 0x0000000085d00000, 0x0000000085e00000|  0%| F|  |TAMS 0x0000000085d00000, 0x0000000085d00000| Untracked 
|  68|0x0000000085e00000, 0x0000000085e00000, 0x0000000085f00000|  0%| F|  |TAMS 0x0000000085e00000, 0x0000000085e00000| Untracked 
|  69|0x0000000085f00000, 0x0000000085f00000, 0x0000000086000000|  0%| F|  |TAMS 0x0000000085f00000, 0x0000000085f00000| Untracked 
|  70|0x0000000086000000, 0x0000000086000000, 0x0000000086100000|  0%| F|  |TAMS 0x0000000086000000, 0x0000000086000000| Untracked 
|  71|0x0000000086100000, 0x0000000086100000, 0x0000000086200000|  0%| F|  |TAMS 0x0000000086100000, 0x0000000086100000| Untracked 
|  72|0x0000000086200000, 0x0000000086200000, 0x0000000086300000|  0%| F|  |TAMS 0x0000000086200000, 0x0000000086200000| Untracked 
|  73|0x0000000086300000, 0x0000000086300000, 0x0000000086400000|  0%| F|  |TAMS 0x0000000086300000, 0x0000000086300000| Untracked 
|  74|0x0000000086400000, 0x0000000086400000, 0x0000000086500000|  0%| F|  |TAMS 0x0000000086400000, 0x0000000086400000| Untracked 
|  75|0x0000000086500000, 0x0000000086500000, 0x0000000086600000|  0%| F|  |TAMS 0x0000000086500000, 0x0000000086500000| Untracked 
|  76|0x0000000086600000, 0x0000000086600000, 0x0000000086700000|  0%| F|  |TAMS 0x0000000086600000, 0x0000000086600000| Untracked 
|  77|0x0000000086700000, 0x0000000086700000, 0x0000000086800000|  0%| F|  |TAMS 0x0000000086700000, 0x0000000086700000| Untracked 
|  78|0x0000000086800000, 0x0000000086800000, 0x0000000086900000|  0%| F|  |TAMS 0x0000000086800000, 0x0000000086800000| Untracked 
|  79|0x0000000086900000, 0x0000000086900000, 0x0000000086a00000|  0%| F|  |TAMS 0x0000000086900000, 0x0000000086900000| Untracked 
|  80|0x0000000086a00000, 0x0000000086a00000, 0x0000000086b00000|  0%| F|  |TAMS 0x0000000086a00000, 0x0000000086a00000| Untracked 
|  81|0x0000000086b00000, 0x0000000086b00000, 0x0000000086c00000|  0%| F|  |TAMS 0x0000000086b00000, 0x0000000086b00000| Untracked 
|  82|0x0000000086c00000, 0x0000000086c00000, 0x0000000086d00000|  0%| F|  |TAMS 0x0000000086c00000, 0x0000000086c00000| Untracked 
|  83|0x0000000086d00000, 0x0000000086d00000, 0x0000000086e00000|  0%| F|  |TAMS 0x0000000086d00000, 0x0000000086d00000| Untracked 
|  84|0x0000000086e00000, 0x0000000086e00000, 0x0000000086f00000|  0%| F|  |TAMS 0x0000000086e00000, 0x0000000086e00000| Untracked 
|  85|0x0000000086f00000, 0x0000000086f00000, 0x0000000087000000|  0%| F|  |TAMS 0x0000000086f00000, 0x0000000086f00000| Untracked 
|  86|0x0000000087000000, 0x0000000087000000, 0x0000000087100000|  0%| F|  |TAMS 0x0000000087000000, 0x0000000087000000| Untracked 
|  87|0x0000000087100000, 0x0000000087100000, 0x0000000087200000|  0%| F|  |TAMS 0x0000000087100000, 0x0000000087100000| Untracked 
|  88|0x0000000087200000, 0x0000000087200000, 0x0000000087300000|  0%| F|  |TAMS 0x0000000087200000, 0x0000000087200000| Untracked 
|  89|0x0000000087300000, 0x0000000087300000, 0x0000000087400000|  0%| F|  |TAMS 0x0000000087300000, 0x0000000087300000| Untracked 
|  90|0x0000000087400000, 0x0000000087400000, 0x0000000087500000|  0%| F|  |TAMS 0x0000000087400000, 0x0000000087400000| Untracked 
|  91|0x0000000087500000, 0x0000000087500000, 0x0000000087600000|  0%| F|  |TAMS 0x0000000087500000, 0x0000000087500000| Untracked 
|  92|0x0000000087600000, 0x0000000087600000, 0x0000000087700000|  0%| F|  |TAMS 0x0000000087600000, 0x0000000087600000| Untracked 
|  93|0x0000000087700000, 0x0000000087700000, 0x0000000087800000|  0%| F|  |TAMS 0x0000000087700000, 0x0000000087700000| Untracked 
|  94|0x0000000087800000, 0x0000000087800000, 0x0000000087900000|  0%| F|  |TAMS 0x0000000087800000, 0x0000000087800000| Untracked 
|  95|0x0000000087900000, 0x0000000087900000, 0x0000000087a00000|  0%| F|  |TAMS 0x0000000087900000, 0x0000000087900000| Untracked 
|  96|0x0000000087a00000, 0x0000000087a00000, 0x0000000087b00000|  0%| F|  |TAMS 0x0000000087a00000, 0x0000000087a00000| Untracked 
|  97|0x0000000087b00000, 0x0000000087b00000, 0x0000000087c00000|  0%| F|  |TAMS 0x0000000087b00000, 0x0000000087b00000| Untracked 
|  98|0x0000000087c00000, 0x0000000087c00000, 0x0000000087d00000|  0%| F|  |TAMS 0x0000000087c00000, 0x0000000087c00000| Untracked 
|  99|0x0000000087d00000, 0x0000000087d00000, 0x0000000087e00000|  0%| F|  |TAMS 0x0000000087d00000, 0x0000000087d00000| Untracked 
| 100|0x0000000087e00000, 0x0000000087e00000, 0x0000000087f00000|  0%| F|  |TAMS 0x0000000087e00000, 0x0000000087e00000| Untracked 
| 101|0x0000000087f00000, 0x0000000087f00000, 0x0000000088000000|  0%| F|  |TAMS 0x0000000087f00000, 0x0000000087f00000| Untracked 
| 102|0x0000000088000000, 0x0000000088000000, 0x0000000088100000|  0%| F|  |TAMS 0x0000000088000000, 0x0000000088000000| Untracked 
| 103|0x0000000088100000, 0x0000000088100000, 0x0000000088200000|  0%| F|  |TAMS 0x0000000088100000, 0x0000000088100000| Untracked 
| 104|0x0000000088200000, 0x0000000088200000, 0x0000000088300000|  0%| F|  |TAMS 0x0000000088200000, 0x0000000088200000| Untracked 
| 105|0x0000000088300000, 0x0000000088300000, 0x0000000088400000|  0%| F|  |TAMS 0x0000000088300000, 0x0000000088300000| Untracked 
| 106|0x0000000088400000, 0x0000000088400000, 0x0000000088500000|  0%| F|  |TAMS 0x0000000088400000, 0x0000000088400000| Untracked 
| 107|0x0000000088500000, 0x0000000088500000, 0x0000000088600000|  0%| F|  |TAMS 0x0000000088500000, 0x0000000088500000| Untracked 
| 108|0x0000000088600000, 0x0000000088600000, 0x0000000088700000|  0%| F|  |TAMS 0x0000000088600000, 0x0000000088600000| Untracked 
| 109|0x0000000088700000, 0x0000000088700000, 0x0000000088800000|  0%| F|  |TAMS 0x0000000088700000, 0x0000000088700000| Untracked 
| 110|0x0000000088800000, 0x0000000088800000, 0x0000000088900000|  0%| F|  |TAMS 0x0000000088800000, 0x0000000088800000| Untracked 
| 111|0x0000000088900000, 0x0000000088900000, 0x0000000088a00000|  0%| F|  |TAMS 0x0000000088900000, 0x0000000088900000| Untracked 
| 112|0x0000000088a00000, 0x0000000088a00000, 0x0000000088b00000|  0%| F|  |TAMS 0x0000000088a00000, 0x0000000088a00000| Untracked 
| 113|0x0000000088b00000, 0x0000000088b00000, 0x0000000088c00000|  0%| F|  |TAMS 0x0000000088b00000, 0x0000000088b00000| Untracked 
| 114|0x0000000088c00000, 0x0000000088c00000, 0x0000000088d00000|  0%| F|  |TAMS 0x0000000088c00000, 0x0000000088c00000| Untracked 
| 115|0x0000000088d00000, 0x0000000088d00000, 0x0000000088e00000|  0%| F|  |TAMS 0x0000000088d00000, 0x0000000088d00000| Untracked 
| 116|0x0000000088e00000, 0x0000000088e00000, 0x0000000088f00000|  0%| F|  |TAMS 0x0000000088e00000, 0x0000000088e00000| Untracked 
| 117|0x0000000088f00000, 0x0000000088f00000, 0x0000000089000000|  0%| F|  |TAMS 0x0000000088f00000, 0x0000000088f00000| Untracked 
| 118|0x0000000089000000, 0x0000000089000000, 0x0000000089100000|  0%| F|  |TAMS 0x0000000089000000, 0x0000000089000000| Untracked 
| 119|0x0000000089100000, 0x0000000089100000, 0x0000000089200000|  0%| F|  |TAMS 0x0000000089100000, 0x0000000089100000| Untracked 
| 120|0x0000000089200000, 0x0000000089200000, 0x0000000089300000|  0%| F|  |TAMS 0x0000000089200000, 0x0000000089200000| Untracked 
| 121|0x0000000089300000, 0x0000000089300000, 0x0000000089400000|  0%| F|  |TAMS 0x0000000089300000, 0x0000000089300000| Untracked 
| 122|0x0000000089400000, 0x0000000089400000, 0x0000000089500000|  0%| F|  |TAMS 0x0000000089400000, 0x0000000089400000| Untracked 
| 123|0x0000000089500000, 0x0000000089500000, 0x0000000089600000|  0%| F|  |TAMS 0x0000000089500000, 0x0000000089500000| Untracked 
| 124|0x0000000089600000, 0x0000000089600000, 0x0000000089700000|  0%| F|  |TAMS 0x0000000089600000, 0x0000000089600000| Untracked 
| 125|0x0000000089700000, 0x0000000089700000, 0x0000000089800000|  0%| F|  |TAMS 0x0000000089700000, 0x0000000089700000| Untracked 
| 126|0x0000000089800000, 0x00000000898fb9c8, 0x0000000089900000| 98%| E|  |TAMS 0x0000000089800000, 0x0000000089800000| Complete 
| 127|0x0000000089900000, 0x0000000089a00000, 0x0000000089a00000|100%| E|CS|TAMS 0x0000000089900000, 0x0000000089900000| Complete 

Card table byte_map: [0x000002843ae30000,0x000002843b230000] _byte_map_base: 0x000002843aa23000

Marking Bits (Prev, Next): (CMBitMap*) 0x00000284232e5790, (CMBitMap*) 0x00000284232e5758
 Prev Bits: [0x000002843d5d0000, 0x000002843f568000)
 Next Bits: [0x000002843b630000, 0x000002843d5c8000)

Polling page: 0x00000284211b0000

Metaspace:

Usage:
  Non-class:     66.35 MB capacity,    64.94 MB ( 98%) used,     1.12 MB (  2%) free+waste,   301.56 KB ( <1%) overhead. 
      Class:      9.64 MB capacity,     8.69 MB ( 90%) used,   840.62 KB (  9%) free+waste,   138.88 KB (  1%) overhead. 
       Both:     75.99 MB capacity,    73.62 MB ( 97%) used,     1.94 MB (  3%) free+waste,   440.44 KB ( <1%) overhead. 

Virtual space:
  Non-class space:       68.00 MB reserved,      66.42 MB ( 98%) committed 
      Class space:        1.00 GB reserved,       9.75 MB ( <1%) committed 
             Both:        1.07 GB reserved,      76.17 MB (  7%) committed 

Chunk freelists:
   Non-Class:  10.00 KB
       Class:  0 bytes
        Both:  10.00 KB

MaxMetaspaceSize: 17179869184.00 GB
CompressedClassSpaceSize: 1.00 GB
Initial GC threshold: 20.80 MB
Current GC threshold: 97.77 MB
CDS: off

CodeHeap 'non-profiled nmethods': size=120064Kb used=5132Kb max_used=5132Kb free=114931Kb
 bounds [0x00000284334f0000, 0x0000028433a00000, 0x000002843aa30000]
CodeHeap 'profiled nmethods': size=120000Kb used=20300Kb max_used=20300Kb free=99700Kb
 bounds [0x000002842bfc0000, 0x000002842d3a0000, 0x00000284334f0000]
CodeHeap 'non-nmethods': size=5696Kb used=1324Kb max_used=1357Kb free=4371Kb
 bounds [0x000002842ba30000, 0x000002842bca0000, 0x000002842bfc0000]
 total_blobs=9983 nmethods=9365 adapters=529
 compilation: enabled
              stopped_count=0, restarted_count=0
 full_count=0

Compilation events (20 events):
Event: 55.097 Thread 0x00000284423a6000 9506       1       com.mysql.cj.protocol.a.result.OkPacket::setStatusFlags (6 bytes)
Event: 55.097 Thread 0x00000284423a6000 nmethod 9506 0x00000284339f2490 code [0x00000284339f2640, 0x00000284339f26f8]
Event: 55.097 Thread 0x00000284423a6000 9507       1       com.mysql.cj.protocol.a.result.OkPacket::setWarningCount (6 bytes)
Event: 55.097 Thread 0x00000284423a6000 nmethod 9507 0x00000284339f2790 code [0x00000284339f2940, 0x00000284339f29f8]
Event: 55.097 Thread 0x00000284423a6000 9508       1       com.mysql.cj.protocol.a.result.OkPacket::setInfo (6 bytes)
Event: 55.097 Thread 0x00000284423a6000 nmethod 9508 0x00000284339f2a90 code [0x00000284339f2c40, 0x00000284339f2d38]
Event: 55.097 Thread 0x00000284423a6000 9509       1       com.mysql.cj.protocol.a.NativeServerSession::getServerSessionStateController (5 bytes)
Event: 55.097 Thread 0x00000284423a6000 nmethod 9509 0x00000284339f2d90 code [0x00000284339f2f40, 0x00000284339f2ff8]
Event: 55.097 Thread 0x00000284423a6000 9510       1       com.mysql.cj.protocol.a.result.OkPacket::getSessionStateChanges (5 bytes)
Event: 55.097 Thread 0x00000284423a6000 nmethod 9510 0x00000284339f3090 code [0x00000284339f3240, 0x00000284339f32f8]
Event: 55.131 Thread 0x00000284423a6000 9511       3       org.apache.catalina.connector.ResponseFacade::isCommitted (31 bytes)
Event: 55.131 Thread 0x00000284423a6000 nmethod 9511 0x000002842d390f10 code [0x000002842d391100, 0x000002842d3913a8]
Event: 55.131 Thread 0x00000284423a6000 9512       3       org.apache.catalina.connector.Response::isAppCommitted (47 bytes)
Event: 55.132 Thread 0x00000284423a6000 nmethod 9512 0x000002842d391510 code [0x000002842d391720, 0x000002842d391e18]
Event: 55.132 Thread 0x00000284423a6000 9513       3       org.apache.tomcat.util.http.MimeHeaders::addValue (18 bytes)
Event: 55.133 Thread 0x00000284423a6000 nmethod 9513 0x000002842d392090 code [0x000002842d392260, 0x000002842d392438]
Event: 55.133 Thread 0x00000284423a6000 9514       3       java.util.concurrent.atomic.AtomicBoolean::<init> (18 bytes)
Event: 55.133 Thread 0x00000284423a6000 nmethod 9514 0x000002842d392590 code [0x000002842d392740, 0x000002842d3928f8]
Event: 55.133 Thread 0x00000284423a6000 9515       3       org.apache.tomcat.util.buf.MessageBytes::recycle (40 bytes)
Event: 55.134 Thread 0x00000284423a6000 nmethod 9515 0x000002842d392990 code [0x000002842d392b60, 0x000002842d392eb8]

GC Heap History (20 events):
Event: 8.269 GC heap before
{Heap before GC invocations=6 (full 0):
 garbage-first heap   total 131072K, used 78723K [0x0000000081a00000, 0x0000000100000000)
  region size 1024K, 71 young (72704K), 5 survivors (5120K)
 Metaspace       used 31528K, capacity 32280K, committed 32560K, reserved 1077248K
  class space    used 3610K, capacity 3898K, committed 3968K, reserved 1048576K
}
Event: 8.280 GC heap after
{Heap after GC invocations=7 (full 0):
 garbage-first heap   total 131072K, used 14128K [0x0000000081a00000, 0x0000000100000000)
  region size 1024K, 8 young (8192K), 8 survivors (8192K)
 Metaspace       used 31528K, capacity 32280K, committed 32560K, reserved 1077248K
  class space    used 3610K, capacity 3898K, committed 3968K, reserved 1048576K
}
Event: 10.124 GC heap before
{Heap before GC invocations=7 (full 0):
 garbage-first heap   total 131072K, used 63280K [0x0000000081a00000, 0x0000000100000000)
  region size 1024K, 57 young (58368K), 8 survivors (8192K)
 Metaspace       used 34683K, capacity 35500K, committed 35632K, reserved 1081344K
  class space    used 4038K, capacity 4386K, committed 4480K, reserved 1048576K
}
Event: 10.151 GC heap after
{Heap after GC invocations=8 (full 0):
 garbage-first heap   total 131072K, used 15796K [0x0000000081a00000, 0x0000000100000000)
  region size 1024K, 7 young (7168K), 7 survivors (7168K)
 Metaspace       used 34683K, capacity 35500K, committed 35632K, reserved 1081344K
  class space    used 4038K, capacity 4386K, committed 4480K, reserved 1048576K
}
Event: 15.813 GC heap before
{Heap before GC invocations=9 (full 0):
 garbage-first heap   total 131072K, used 86452K [0x0000000081a00000, 0x0000000100000000)
  region size 1024K, 76 young (77824K), 7 survivors (7168K)
 Metaspace       used 43857K, capacity 44982K, committed 45232K, reserved 1089536K
  class space    used 5146K, capacity 5611K, committed 5632K, reserved 1048576K
}
Event: 15.827 GC heap after
{Heap after GC invocations=10 (full 0):
 garbage-first heap   total 131072K, used 19727K [0x0000000081a00000, 0x0000000100000000)
  region size 1024K, 9 young (9216K), 9 survivors (9216K)
 Metaspace       used 43857K, capacity 44982K, committed 45232K, reserved 1089536K
  class space    used 5146K, capacity 5611K, committed 5632K, reserved 1048576K
}
Event: 17.490 GC heap before
{Heap before GC invocations=10 (full 0):
 garbage-first heap   total 131072K, used 88335K [0x0000000081a00000, 0x0000000100000000)
  region size 1024K, 76 young (77824K), 9 survivors (9216K)
 Metaspace       used 49402K, capacity 50647K, committed 50864K, reserved 1093632K
  class space    used 5806K, capacity 6322K, committed 6400K, reserved 1048576K
}
Event: 17.505 GC heap after
{Heap after GC invocations=11 (full 0):
 garbage-first heap   total 131072K, used 22096K [0x0000000081a00000, 0x0000000100000000)
  region size 1024K, 7 young (7168K), 7 survivors (7168K)
 Metaspace       used 49402K, capacity 50647K, committed 50864K, reserved 1093632K
  class space    used 5806K, capacity 6322K, committed 6400K, reserved 1048576K
}
Event: 18.732 GC heap before
{Heap before GC invocations=11 (full 0):
 garbage-first heap   total 131072K, used 92752K [0x0000000081a00000, 0x0000000100000000)
  region size 1024K, 76 young (77824K), 7 survivors (7168K)
 Metaspace       used 51372K, capacity 52688K, committed 52912K, reserved 1095680K
  class space    used 6047K, capacity 6571K, committed 6656K, reserved 1048576K
}
Event: 18.748 GC heap after
{Heap after GC invocations=12 (full 0):
 garbage-first heap   total 131072K, used 23885K [0x0000000081a00000, 0x0000000100000000)
  region size 1024K, 5 young (5120K), 5 survivors (5120K)
 Metaspace       used 51372K, capacity 52688K, committed 52912K, reserved 1095680K
  class space    used 6047K, capacity 6571K, committed 6656K, reserved 1048576K
}
Event: 20.739 GC heap before
{Heap before GC invocations=12 (full 0):
 garbage-first heap   total 131072K, used 96589K [0x0000000081a00000, 0x0000000100000000)
  region size 1024K, 76 young (77824K), 5 survivors (5120K)
 Metaspace       used 56439K, capacity 57884K, committed 58032K, reserved 1099776K
  class space    used 6609K, capacity 7165K, committed 7168K, reserved 1048576K
}
Event: 20.752 GC heap after
{Heap after GC invocations=13 (full 0):
 garbage-first heap   total 131072K, used 28577K [0x0000000081a00000, 0x0000000100000000)
  region size 1024K, 9 young (9216K), 9 survivors (9216K)
 Metaspace       used 56439K, capacity 57884K, committed 58032K, reserved 1099776K
  class space    used 6609K, capacity 7165K, committed 7168K, reserved 1048576K
}
Event: 21.184 GC heap before
{Heap before GC invocations=13 (full 0):
 garbage-first heap   total 131072K, used 52129K [0x0000000081a00000, 0x0000000100000000)
  region size 1024K, 33 young (33792K), 9 survivors (9216K)
 Metaspace       used 58070K, capacity 59651K, committed 59816K, reserved 1101824K
  class space    used 6861K, capacity 7500K, committed 7552K, reserved 1048576K
}
Event: 21.197 GC heap after
{Heap after GC invocations=14 (full 0):
 garbage-first heap   total 131072K, used 30388K [0x0000000081a00000, 0x0000000100000000)
  region size 1024K, 7 young (7168K), 7 survivors (7168K)
 Metaspace       used 58070K, capacity 59651K, committed 59816K, reserved 1101824K
  class space    used 6861K, capacity 7500K, committed 7552K, reserved 1048576K
}
Event: 22.935 GC heap before
{Heap before GC invocations=15 (full 0):
 garbage-first heap   total 131072K, used 95924K [0x0000000081a00000, 0x0000000100000000)
  region size 1024K, 71 young (72704K), 7 survivors (7168K)
 Metaspace       used 61912K, capacity 64003K, committed 64304K, reserved 1105920K
  class space    used 7403K, capacity 8224K, committed 8320K, reserved 1048576K
}
Event: 22.951 GC heap after
{Heap after GC invocations=16 (full 0):
 garbage-first heap   total 131072K, used 32826K [0x0000000081a00000, 0x0000000100000000)
  region size 1024K, 5 young (5120K), 5 survivors (5120K)
 Metaspace       used 61912K, capacity 64003K, committed 64304K, reserved 1105920K
  class space    used 7403K, capacity 8224K, committed 8320K, reserved 1048576K
}
Event: 27.844 GC heap before
{Heap before GC invocations=16 (full 0):
 garbage-first heap   total 131072K, used 98362K [0x0000000081a00000, 0x0000000100000000)
  region size 1024K, 69 young (70656K), 5 survivors (5120K)
 Metaspace       used 64132K, capacity 66346K, committed 66608K, reserved 1107968K
  class space    used 7603K, capacity 8482K, committed 8576K, reserved 1048576K
}
Event: 27.858 GC heap after
{Heap after GC invocations=17 (full 0):
 garbage-first heap   total 131072K, used 34710K [0x0000000081a00000, 0x0000000100000000)
  region size 1024K, 7 young (7168K), 7 survivors (7168K)
 Metaspace       used 64132K, capacity 66346K, committed 66608K, reserved 1107968K
  class space    used 7603K, capacity 8482K, committed 8576K, reserved 1048576K
}
Event: 53.123 GC heap before
{Heap before GC invocations=17 (full 0):
 garbage-first heap   total 131072K, used 99222K [0x0000000081a00000, 0x0000000100000000)
  region size 1024K, 71 young (72704K), 7 survivors (7168K)
 Metaspace       used 75300K, capacity 77809K, committed 78000K, reserved 1118208K
  class space    used 8894K, capacity 9874K, committed 9984K, reserved 1048576K
}
Event: 53.140 GC heap after
{Heap after GC invocations=18 (full 0):
 garbage-first heap   total 131072K, used 39425K [0x0000000081a00000, 0x0000000100000000)
  region size 1024K, 7 young (7168K), 7 survivors (7168K)
 Metaspace       used 75300K, capacity 77809K, committed 78000K, reserved 1118208K
  class space    used 8894K, capacity 9874K, committed 9984K, reserved 1048576K
}

Deoptimization events (20 events):
Event: 41.710 Thread 0x00000284435d9000 Uncommon trap: trap_request=0xffffff4d fr.pc=0x000002843395d26c relative=0x0000000000001b6c
Event: 41.710 Thread 0x00000284435d9000 Uncommon trap: reason=unstable_if action=reinterpret pc=0x000002843395d26c method=jdk.internal.reflect.Reflection.verifyMemberAccess(Ljava/lang/Class;Ljava/lang/Class;Ljava/lang/Class;I)Z @ 57 c2
Event: 41.710 Thread 0x00000284435d9000 DEOPT PACKING pc=0x000002843395d26c sp=0x00000093941f9210
Event: 41.710 Thread 0x00000284435d9000 DEOPT UNPACKING pc=0x000002842ba7a1af sp=0x00000093941f90b8 mode 2
Event: 41.711 Thread 0x00000284435d9000 Uncommon trap: trap_request=0xffffff4d fr.pc=0x00000284337a0608 relative=0x0000000000000388
Event: 41.711 Thread 0x00000284435d9000 Uncommon trap: reason=unstable_if action=reinterpret pc=0x00000284337a0608 method=jdk.internal.reflect.Reflection.verifyMemberAccess(Ljava/lang/Class;Ljava/lang/Class;Ljava/lang/Class;I)Z @ 57 c2
Event: 41.711 Thread 0x00000284435d9000 DEOPT PACKING pc=0x00000284337a0608 sp=0x00000093941f91c0
Event: 41.711 Thread 0x00000284435d9000 DEOPT UNPACKING pc=0x000002842ba7a1af sp=0x00000093941f90a8 mode 2
Event: 41.715 Thread 0x00000284435d9000 Uncommon trap: trap_request=0xffffff7e fr.pc=0x00000284339cac98 relative=0x00000000000008d8
Event: 41.715 Thread 0x00000284435d9000 Uncommon trap: reason=predicate action=maybe_recompile pc=0x00000284339cac98 method=com.mysql.cj.util.StringInspector.indexOfNextChar(Ljava/util/Set;)I @ 76 c2
Event: 41.715 Thread 0x00000284435d9000 DEOPT PACKING pc=0x00000284339cac98 sp=0x00000093941f9260
Event: 41.715 Thread 0x00000284435d9000 DEOPT UNPACKING pc=0x000002842ba7a1af sp=0x00000093941f91e8 mode 2
Event: 43.331 Thread 0x00000284435da000 Uncommon trap: trap_request=0xffffff4d fr.pc=0x00000284336fd1fc relative=0x0000000000000bdc
Event: 43.331 Thread 0x00000284435da000 Uncommon trap: reason=unstable_if action=reinterpret pc=0x00000284336fd1fc method=org.springframework.util.AntPathMatcher$AntPathStringMatcher.matchStrings(Ljava/lang/String;Ljava/util/Map;)Z @ 58 c2
Event: 43.331 Thread 0x00000284435da000 DEOPT PACKING pc=0x00000284336fd1fc sp=0x00000093943fd070
Event: 43.331 Thread 0x00000284435da000 DEOPT UNPACKING pc=0x000002842ba7a1af sp=0x00000093943fd018 mode 2
Event: 43.353 Thread 0x0000028443966800 DEOPT PACKING pc=0x000002842d0eec57 sp=0x0000009393cfc240
Event: 43.353 Thread 0x0000028443966800 DEOPT UNPACKING pc=0x000002842ba7a95e sp=0x0000009393cfb698 mode 0
Event: 54.992 Thread 0x0000028443966800 DEOPT PACKING pc=0x000002842d08616f sp=0x0000009393cfd010
Event: 54.992 Thread 0x0000028443966800 DEOPT UNPACKING pc=0x000002842ba7a95e sp=0x0000009393cfc4d8 mode 0

Classes redefined (0 events):
No events

Internal exceptions (20 events):
Event: 24.345 Thread 0x0000028442c8d800 Exception <a 'java/lang/ClassNotFoundException'{0x00000000872aa870}: > (0x00000000872aa870) thrown at [s\src\hotspot\share\prims\jni.cpp, line 638]
Event: 24.359 Thread 0x0000028442c8d800 Exception <a 'java/lang/ClassNotFoundException'{0x000000008710bf30}: LacunaMatata/Lacuna/dto/request/admin/product/ReqRegistProductDtoBeanInfo> (0x000000008710bf30) thrown at [s\src\hotspot\share\classfile\systemDictionary.cpp, line 230]
Event: 24.360 Thread 0x0000028442c8d800 Exception <a 'java/lang/ClassNotFoundException'{0x00000000871208c0}: LacunaMatata/Lacuna/dto/request/admin/product/ReqRegistProductDtoCustomizer> (0x00000000871208c0) thrown at [s\src\hotspot\share\classfile\systemDictionary.cpp, line 230]
Event: 24.492 Thread 0x0000028442c8d800 Exception <a 'java/lang/ClassNotFoundException'{0x0000000086ec1880}: LacunaMatata/Lacuna/dto/request/admin/statistic/ReqGetStatisticCountsDtoBeanInfo> (0x0000000086ec1880) thrown at [s\src\hotspot\share\classfile\systemDictionary.cpp, line 230]
Event: 24.493 Thread 0x0000028442c8d800 Exception <a 'java/lang/ClassNotFoundException'{0x0000000086ed6ea0}: LacunaMatata/Lacuna/dto/request/admin/statistic/ReqGetStatisticCountsDtoCustomizer> (0x0000000086ed6ea0) thrown at [s\src\hotspot\share\classfile\systemDictionary.cpp, line 230]
Event: 24.508 Thread 0x0000028442c8d800 Exception <a 'java/lang/ClassNotFoundException'{0x0000000086d33888}: LacunaMatata/Lacuna/dto/request/admin/statistic/ReqGetUseCountDtoBeanInfo> (0x0000000086d33888) thrown at [s\src\hotspot\share\classfile\systemDictionary.cpp, line 230]
Event: 24.509 Thread 0x0000028442c8d800 Exception <a 'java/lang/ClassNotFoundException'{0x0000000086d48218}: LacunaMatata/Lacuna/dto/request/admin/statistic/ReqGetUseCountDtoCustomizer> (0x0000000086d48218) thrown at [s\src\hotspot\share\classfile\systemDictionary.cpp, line 230]
Event: 24.626 Thread 0x0000028442c8d800 Exception <a 'java/lang/ClassNotFoundException'{0x00000000869d92c0}: LacunaMatata/Lacuna/dto/request/user/user/ReqGetMyOrderInfoDtoBeanInfo> (0x00000000869d92c0) thrown at [s\src\hotspot\share\classfile\systemDictionary.cpp, line 230]
Event: 24.628 Thread 0x0000028442c8d800 Exception <a 'java/lang/ClassNotFoundException'{0x00000000869ece70}: LacunaMatata/Lacuna/dto/request/user/user/ReqGetMyOrderInfoDtoCustomizer> (0x00000000869ece70) thrown at [s\src\hotspot\share\classfile\systemDictionary.cpp, line 230]
Event: 24.700 Thread 0x0000028442c8d800 Exception <a 'java/lang/ClassNotFoundException'{0x00000000866731d0}: LacunaMatata/Lacuna/dto/request/admin/usermanage/ReqGetUserListDtoBeanInfo> (0x00000000866731d0) thrown at [s\src\hotspot\share\classfile\systemDictionary.cpp, line 230]
Event: 24.701 Thread 0x0000028442c8d800 Exception <a 'java/lang/ClassNotFoundException'{0x0000000086687da8}: LacunaMatata/Lacuna/dto/request/admin/usermanage/ReqGetUserListDtoCustomizer> (0x0000000086687da8) thrown at [s\src\hotspot\share\classfile\systemDictionary.cpp, line 230]
Event: 28.219 Thread 0x0000028443966800 Exception <a 'sun/nio/fs/WindowsException'{0x00000000892f6ae8}> (0x00000000892f6ae8) thrown at [s\src\hotspot\share\prims\jni.cpp, line 617]
Event: 29.588 Thread 0x0000028443966800 Implicit null exception at 0x000002843351d594 to 0x000002843351db74
Event: 29.588 Thread 0x0000028443966800 Implicit null exception at 0x000002843351e194 to 0x000002843351e758
Event: 34.359 Thread 0x00000284435d9000 Exception <a 'java/lang/ClassNotFoundException'{0x00000000869b5440}: java/lang/ObjectCustomizer> (0x00000000869b5440) thrown at [s\src\hotspot\share\classfile\systemDictionary.cpp, line 230]
Event: 34.363 Thread 0x00000284435d9000 Exception <a 'java/lang/ClassNotFoundException'{0x00000000869d2088}: LacunaMatata/Lacuna/dto/request/user/auth/ReqAccessTokenDtoCustomizer> (0x00000000869d2088) thrown at [s\src\hotspot\share\classfile\systemDictionary.cpp, line 230]
Event: 41.618 Thread 0x0000028443965000 Exception <a 'java/lang/ClassNotFoundException'{0x00000000863c4aa0}: java/lang/ObjectCustomizer> (0x00000000863c4aa0) thrown at [s\src\hotspot\share\classfile\systemDictionary.cpp, line 230]
Event: 41.620 Thread 0x00000284435d9000 Exception <a 'java/lang/ClassNotFoundException'{0x00000000863a77c0}: java/lang/ObjectCustomizer> (0x00000000863a77c0) thrown at [s\src\hotspot\share\classfile\systemDictionary.cpp, line 230]
Event: 41.625 Thread 0x0000028443965000 Exception <a 'java/lang/ClassNotFoundException'{0x00000000862389a8}: LacunaMatata/Lacuna/dto/request/admin/statistic/ReqGetUseCountDtoCustomizer> (0x00000000862389a8) thrown at [s\src\hotspot\share\classfile\systemDictionary.cpp, line 230]
Event: 41.630 Thread 0x00000284435d9000 Exception <a 'java/lang/ClassNotFoundException'{0x000000008621be40}: LacunaMatata/Lacuna/dto/request/admin/statistic/ReqGetStatisticCountsDtoCustomizer> (0x000000008621be40) thrown at [s\src\hotspot\share\classfile\systemDictionary.cpp, line 230]

Events (20 events):
Event: 43.409 loading class org/springframework/core/convert/support/StringToNumberConverterFactory$StringToNumber
Event: 43.409 loading class org/springframework/core/convert/support/StringToNumberConverterFactory$StringToNumber done
Event: 43.553 loading class com/fasterxml/jackson/databind/introspect/AnnotationCollector$OneAnnotation
Event: 43.553 loading class com/fasterxml/jackson/databind/introspect/AnnotationCollector$OneAnnotation done
Event: 43.556 loading class java/time/format/DateTimePrintContext
Event: 43.558 loading class java/time/format/DateTimePrintContext done
Event: 43.558 loading class java/time/LocalDate$1
Event: 43.558 loading class java/time/LocalDate$1 done
Event: 43.558 loading class java/time/format/DateTimeFormatterBuilder$3
Event: 43.558 loading class java/time/format/DateTimeFormatterBuilder$3 done
Event: 43.558 loading class java/time/LocalTime$1
Event: 43.558 loading class java/time/LocalTime$1 done
Event: 51.358 Executing VM operation: RevokeBias
Event: 51.358 Executing VM operation: RevokeBias done
Event: 53.123 Executing VM operation: G1CollectForAllocation
Event: 53.140 Executing VM operation: G1CollectForAllocation done
Event: 53.210 Executing VM operation: RevokeBias
Event: 53.210 Executing VM operation: RevokeBias done
Event: 54.983 Executing VM operation: RevokeBias
Event: 54.983 Executing VM operation: RevokeBias done


Dynamic libraries:
0x00007ff73c680000 - 0x00007ff73c68e000 	C:\Users\USER\.jdks\corretto-11.0.24\bin\java.exe
0x00007ff8db390000 - 0x00007ff8db5a7000 	C:\WINDOWS\SYSTEM32\ntdll.dll
0x00007ff8d9880000 - 0x00007ff8d9944000 	C:\WINDOWS\System32\KERNEL32.DLL
0x00007ff8d8bb0000 - 0x00007ff8d8f6a000 	C:\WINDOWS\System32\KERNELBASE.dll
0x00007ff8d8f70000 - 0x00007ff8d9081000 	C:\WINDOWS\System32\ucrtbase.dll
0x00007ff8d25f0000 - 0x00007ff8d260b000 	C:\Users\USER\.jdks\corretto-11.0.24\bin\VCRUNTIME140.dll
0x00007ff8d25d0000 - 0x00007ff8d25e7000 	C:\Users\USER\.jdks\corretto-11.0.24\bin\jli.dll
0x00007ff8d96d0000 - 0x00007ff8d987e000 	C:\WINDOWS\System32\USER32.dll
0x00007ff8d8ac0000 - 0x00007ff8d8ae6000 	C:\WINDOWS\System32\win32u.dll
0x00007ff8da7f0000 - 0x00007ff8da819000 	C:\WINDOWS\System32\GDI32.dll
0x00007ff8d89a0000 - 0x00007ff8d8abb000 	C:\WINDOWS\System32\gdi32full.dll
0x00007ff8d88d0000 - 0x00007ff8d896a000 	C:\WINDOWS\System32\msvcp_win.dll
0x00007ff8c6050000 - 0x00007ff8c62e2000 	C:\WINDOWS\WinSxS\amd64_microsoft.windows.common-controls_6595b64144ccf1df_6.0.22621.4541_none_2710d1c57384c085\COMCTL32.dll
0x00007ff8daef0000 - 0x00007ff8daf97000 	C:\WINDOWS\System32\msvcrt.dll
0x00007ff8d9590000 - 0x00007ff8d95c1000 	C:\WINDOWS\System32\IMM32.DLL
0x00007ff8d4850000 - 0x00007ff8d485c000 	C:\Users\USER\.jdks\corretto-11.0.24\bin\vcruntime140_1.dll
0x00007ff8b0a00000 - 0x00007ff8b0a8d000 	C:\Users\USER\.jdks\corretto-11.0.24\bin\msvcp140.dll
0x00007ff84e8a0000 - 0x00007ff84f465000 	C:\Users\USER\.jdks\corretto-11.0.24\bin\server\jvm.dll
0x00007ff8da9f0000 - 0x00007ff8daaa2000 	C:\WINDOWS\System32\ADVAPI32.dll
0x00007ff8d95d0000 - 0x00007ff8d9677000 	C:\WINDOWS\System32\sechost.dll
0x00007ff8d8970000 - 0x00007ff8d8998000 	C:\WINDOWS\System32\bcrypt.dll
0x00007ff8dafa0000 - 0x00007ff8db0b4000 	C:\WINDOWS\System32\RPCRT4.dll
0x00007ff8db0d0000 - 0x00007ff8db0d8000 	C:\WINDOWS\System32\PSAPI.DLL
0x00007ff8d48b0000 - 0x00007ff8d48b9000 	C:\WINDOWS\SYSTEM32\WSOCK32.dll
0x00007ff8d9090000 - 0x00007ff8d9101000 	C:\WINDOWS\System32\WS2_32.dll
0x00007ff8d1ce0000 - 0x00007ff8d1d14000 	C:\WINDOWS\SYSTEM32\WINMM.dll
0x00007ff8cfb40000 - 0x00007ff8cfb4a000 	C:\WINDOWS\SYSTEM32\VERSION.dll
0x00007ff8d76a0000 - 0x00007ff8d76b8000 	C:\WINDOWS\SYSTEM32\kernel.appcore.dll
0x00007ff8cea80000 - 0x00007ff8cea90000 	C:\Users\USER\.jdks\corretto-11.0.24\bin\verify.dll
0x00007ff8d6130000 - 0x00007ff8d6362000 	C:\WINDOWS\SYSTEM32\DBGHELP.DLL
0x00007ff8d9a30000 - 0x00007ff8d9dbf000 	C:\WINDOWS\System32\combase.dll
0x00007ff8d9950000 - 0x00007ff8d9a27000 	C:\WINDOWS\System32\OLEAUT32.dll
0x00007ff8beeb0000 - 0x00007ff8beee2000 	C:\WINDOWS\SYSTEM32\dbgcore.DLL
0x00007ff8d8660000 - 0x00007ff8d86db000 	C:\WINDOWS\System32\bcryptPrimitives.dll
0x00007ff8c4490000 - 0x00007ff8c44b8000 	C:\Users\USER\.jdks\corretto-11.0.24\bin\java.dll
0x00007ff8ce880000 - 0x00007ff8ce88a000 	C:\Users\USER\.jdks\corretto-11.0.24\bin\jimage.dll
0x00007ff8ce6b0000 - 0x00007ff8ce6be000 	C:\Users\USER\.jdks\corretto-11.0.24\bin\instrument.dll
0x00007ff8c4360000 - 0x00007ff8c4378000 	C:\Users\USER\.jdks\corretto-11.0.24\bin\zip.dll
0x00007ff8d9f70000 - 0x00007ff8da7e8000 	C:\WINDOWS\System32\SHELL32.dll
0x00007ff8d65a0000 - 0x00007ff8d6ea8000 	C:\WINDOWS\SYSTEM32\windows.storage.dll
0x00007ff8d6460000 - 0x00007ff8d659f000 	C:\WINDOWS\SYSTEM32\wintypes.dll
0x00007ff8dac80000 - 0x00007ff8dad7a000 	C:\WINDOWS\System32\SHCORE.dll
0x00007ff8db0e0000 - 0x00007ff8db13e000 	C:\WINDOWS\System32\shlwapi.dll
0x00007ff8d8590000 - 0x00007ff8d85bb000 	C:\WINDOWS\SYSTEM32\profapi.dll
0x00007ff8c3890000 - 0x00007ff8c38a9000 	C:\Users\USER\.jdks\corretto-11.0.24\bin\net.dll
0x00007ff8d1970000 - 0x00007ff8d1aa6000 	C:\WINDOWS\SYSTEM32\WINHTTP.dll
0x00007ff8d7b20000 - 0x00007ff8d7b89000 	C:\WINDOWS\system32\mswsock.dll
0x00007ff8bf020000 - 0x00007ff8bf032000 	C:\Users\USER\.jdks\corretto-11.0.24\bin\nio.dll
0x00007ff8bf000000 - 0x00007ff8bf01a000 	C:\Program Files\JetBrains\IntelliJ IDEA Community Edition 2024.1.3\bin\breakgen64.dll
0x00007ff8c4480000 - 0x00007ff8c4489000 	C:\Users\USER\.jdks\corretto-11.0.24\bin\management.dll
0x00007ff8c4350000 - 0x00007ff8c435b000 	C:\Users\USER\.jdks\corretto-11.0.24\bin\management_ext.dll
0x00007ff8b6900000 - 0x00007ff8b6917000 	C:\WINDOWS\system32\napinsp.dll
0x00007ff8b6860000 - 0x00007ff8b687b000 	C:\WINDOWS\system32\pnrpnsp.dll
0x00007ff8d71d0000 - 0x00007ff8d72d2000 	C:\WINDOWS\SYSTEM32\DNSAPI.dll
0x00007ff8d7150000 - 0x00007ff8d717d000 	C:\WINDOWS\SYSTEM32\IPHLPAPI.DLL
0x00007ff8da960000 - 0x00007ff8da969000 	C:\WINDOWS\System32\NSI.dll
0x00007ff8b6840000 - 0x00007ff8b6851000 	C:\WINDOWS\System32\winrnr.dll
0x00007ff8b6820000 - 0x00007ff8b6835000 	C:\WINDOWS\system32\wshbth.dll
0x00007ff8b6df0000 - 0x00007ff8b6e17000 	C:\WINDOWS\system32\nlansp_c.dll
0x00007ff8c63c0000 - 0x00007ff8c63ca000 	C:\Windows\System32\rasadhlp.dll
0x00007ff8cfc10000 - 0x00007ff8cfc93000 	C:\WINDOWS\System32\fwpuclnt.dll
0x00007ff8d7d70000 - 0x00007ff8d7d8b000 	C:\WINDOWS\SYSTEM32\CRYPTSP.dll
0x00007ff8d7600000 - 0x00007ff8d7635000 	C:\WINDOWS\system32\rsaenh.dll
0x00007ff8d7c10000 - 0x00007ff8d7c38000 	C:\WINDOWS\SYSTEM32\USERENV.dll
0x00007ff8d7d90000 - 0x00007ff8d7d9c000 	C:\WINDOWS\SYSTEM32\CRYPTBASE.dll
0x00007ff8d1680000 - 0x00007ff8d1699000 	C:\WINDOWS\SYSTEM32\dhcpcsvc6.DLL
0x00007ff8d1660000 - 0x00007ff8d167f000 	C:\WINDOWS\SYSTEM32\dhcpcsvc.DLL
0x00007ff8c3880000 - 0x00007ff8c388e000 	C:\Users\USER\.jdks\corretto-11.0.24\bin\sunmscapi.dll
0x00007ff8d86e0000 - 0x00007ff8d8846000 	C:\WINDOWS\System32\CRYPT32.dll
0x00007ff8d7f30000 - 0x00007ff8d7f5d000 	C:\WINDOWS\SYSTEM32\ncrypt.dll
0x00007ff8d7ef0000 - 0x00007ff8d7f27000 	C:\WINDOWS\SYSTEM32\NTASN1.dll
0x00007ff8bef10000 - 0x00007ff8bef37000 	C:\Users\USER\.jdks\corretto-11.0.24\bin\sunec.dll

dbghelp: loaded successfully - version: 4.0.5 - missing functions: none
symbol engine: initialized successfully - sym options: 0x614 - pdb path: .;C:\Users\USER\.jdks\corretto-11.0.24\bin;C:\WINDOWS\SYSTEM32;C:\WINDOWS\WinSxS\amd64_microsoft.windows.common-controls_6595b64144ccf1df_6.0.22621.4541_none_2710d1c57384c085;C:\Users\USER\.jdks\corretto-11.0.24\bin\server;C:\Program Files\JetBrains\IntelliJ IDEA Community Edition 2024.1.3\bin

VM Arguments:
jvm_args: -javaagent:C:\Program Files\JetBrains\IntelliJ IDEA Community Edition 2024.1.3\lib\idea_rt.jar=61394:C:\Program Files\JetBrains\IntelliJ IDEA Community Edition 2024.1.3\bin -Dfile.encoding=UTF-8 
java_command: LacunaMatata.Lacuna.LacunaApplication
java_class_path (initial): C:\sqf\project\Lacuna\Lacuna_back\target\classes;C:\Users\USER\.m2\repository\org\springframework\boot\spring-boot-starter-oauth2-client\2.6.6\spring-boot-starter-oauth2-client-2.6.6.jar;C:\Users\USER\.m2\repository\org\springframework\boot\spring-boot-starter\2.6.6\spring-boot-starter-2.6.6.jar;C:\Users\USER\.m2\repository\org\springframework\boot\spring-boot-starter-logging\2.6.6\spring-boot-starter-logging-2.6.6.jar;C:\Users\USER\.m2\repository\ch\qos\logback\logback-classic\1.2.11\logback-classic-1.2.11.jar;C:\Users\USER\.m2\repository\ch\qos\logback\logback-core\1.2.11\logback-core-1.2.11.jar;C:\Users\USER\.m2\repository\org\apache\logging\log4j\log4j-to-slf4j\2.17.2\log4j-to-slf4j-2.17.2.jar;C:\Users\USER\.m2\repository\org\apache\logging\log4j\log4j-api\2.17.2\log4j-api-2.17.2.jar;C:\Users\USER\.m2\repository\org\slf4j\jul-to-slf4j\1.7.36\jul-to-slf4j-1.7.36.jar;C:\Users\USER\.m2\repository\jakarta\annotation\jakarta.annotation-api\1.3.5\jakarta.annotation-api-1.3.5.jar;C:\Users\USER\.m2\repository\org\yaml\snakeyaml\1.29\snakeyaml-1.29.jar;C:\Users\USER\.m2\repository\org\springframework\security\spring-security-config\5.6.2\spring-security-config-5.6.2.jar;C:\Users\USER\.m2\repository\org\springframework\spring-beans\5.3.18\spring-beans-5.3.18.jar;C:\Users\USER\.m2\repository\org\springframework\spring-context\5.3.18\spring-context-5.3.18.jar;C:\Users\USER\.m2\repository\org\springframework\security\spring-security-core\5.6.2\spring-security-core-5.6.2.jar;C:\Users\USER\.m2\repository\org\springframework\security\spring-security-crypto\5.6.2\spring-security-crypto-5.6.2.jar;C:\Users\USER\.m2\repository\org\springframework\spring-expression\5.3.18\spring-expression-5.3.18.jar;C:\Users\USER\.m2\repository\org\springframework\security\spring-security-oauth2-client\5.6.2\spring-security-oauth2-client-5.6.2.jar;C:\Users\USER\.m2\repository\org\springframework\security\spring-security-oauth2-core\5.6.2\spring-security-oauth2-core-5.6.
Launcher Type: SUN_STANDARD

[Global flags]
     intx CICompilerCount                          = 3                                         {product} {ergonomic}
     uint ConcGCThreads                            = 1                                         {product} {ergonomic}
     uint G1ConcRefinementThreads                  = 4                                         {product} {ergonomic}
   size_t G1HeapRegionSize                         = 1048576                                   {product} {ergonomic}
    uintx GCDrainStackTargetSize                   = 64                                        {product} {ergonomic}
   size_t InitialHeapSize                          = 134217728                                 {product} {ergonomic}
   size_t MarkStackSize                            = 4194304                                   {product} {ergonomic}
   size_t MaxHeapSize                              = 2120220672                                {product} {ergonomic}
   size_t MaxNewSize                               = 1271922688                                {product} {ergonomic}
   size_t MinHeapDeltaBytes                        = 1048576                                   {product} {ergonomic}
    uintx NonNMethodCodeHeapSize                   = 5830732                                {pd product} {ergonomic}
    uintx NonProfiledCodeHeapSize                  = 122913754                              {pd product} {ergonomic}
    uintx ProfiledCodeHeapSize                     = 122913754                              {pd product} {ergonomic}
    uintx ReservedCodeCacheSize                    = 251658240                              {pd product} {ergonomic}
     bool SegmentedCodeCache                       = true                                      {product} {ergonomic}
     bool UseCompressedClassPointers               = true                                 {lp64_product} {ergonomic}
     bool UseCompressedOops                        = true                                 {lp64_product} {ergonomic}
     bool UseG1GC                                  = true                                      {product} {ergonomic}
     bool UseLargePagesIndividualAllocation        = false                                  {pd product} {ergonomic}

Logging:
Log output configuration:
 #0: stdout all=warning uptime,level,tags
 #1: stderr all=off uptime,level,tags

Environment Variables:
JAVA_HOME=C:/Users/USER/corretto/jdk11.0.9_11
PATH=C:\Program Files\Common Files\Oracle\Java\javapath;C:\Program Files\Java\jdk-21\bin;C:\Program Files (x86)\NAT Service;C:\WINDOWS\system32;C:\WINDOWS;C:\WINDOWS\System32\Wbem;C:\WINDOWS\System32\WindowsPowerShell\v1.0\;C:\WINDOWS\System32\OpenSSH\;C:\Program Files (x86)\Intel\Intel(R) Management Engine Components\DAL;C:\Program Files\Intel\Intel(R) Management Engine Components\DAL;C:\Program Files\Bandizip\;C:\Program Files\Java\jdk-21\bin;C:\Program Files\Git\cmd;C:\Program Files\nodejs\;C:\ProgramData\chocolatey\bin;C:\Program Files\MySQL\MySQL Shell 8.0\bin\;C:/Users/USER/corretto/jdk11.0.9_11\bin;C:\Program Files (x86)\NAT Service;C:\WINDOWS\system32;C:\WINDOWS;C:\WINDOWS\System32\Wbem;C:\WINDOWS\System32\WindowsPowerShell\v1.0\;C:\WINDOWS\System32\OpenSSH\;C:\Program Files (x86)\Intel\Intel(R) Management Engine Components\DAL;C:\Program Files\Intel\Intel(R) Management Engine Components\DAL;C:\Users\USER\AppData\Local\Microsoft\WindowsApps;C:\Users\USER\AppData\Local\Microsoft\WindowsApps;C:\Users\USER\anaconda3\Graphviz\bin;C:\Users\USER\AppData\Local\afreeca;C:\Users\USER\AppData\Roaming\npm;C:\Users\USER\AppData\Local\SOOP;C:\Users\USER\AppData\Local\Programs\Microsoft VS Code\bin
USERNAME=USER
OS=Windows_NT
PROCESSOR_IDENTIFIER=Intel64 Family 6 Model 142 Stepping 11, GenuineIntel
TMP=C:\Users\USER\AppData\Local\Temp
TEMP=C:\Users\USER\AppData\Local\Temp



---------------  S Y S T E M  ---------------

OS: Windows 11 , 64 bit Build 22621 (10.0.22621.4391)
OS uptime: 0 days 20:06 hours

CPU:total 4 (initial active 4) (2 cores per cpu, 2 threads per core) family 6 model 142 stepping 11 microcode 0xde, cmov, cx8, fxsr, mmx, sse, sse2, sse3, ssse3, sse4.1, sse4.2, popcnt, avx, avx2, aes, clmul, erms, 3dnowpref, lzcnt, ht, tsc, tscinvbit, bmi1, bmi2, adx, fma

Memory: 4k page, system-wide physical 8085M (182M free)
TotalPageFile size 16277M (AvailPageFile size 0M)
current process WorkingSet (physical memory assigned to process): 300M, peak: 309M
current process commit charge ("private bytes"): 342M, peak: 355M

vm_info: OpenJDK 64-Bit Server VM (11.0.24+8-LTS) for windows-amd64 JRE (11.0.24+8-LTS), built on Jul  9 2024 22:03:43 by "Administrator" with MS VC++ 16.10 / 16.11 (VS2019)

END.
